# JRE version: OpenJDK Runtime Environment Temurin-17.0.4.1+1 (17.0.4.1+1) (build 17.0.4.1+1)
# Java VM: OpenJDK 64-Bit Server VM Temurin-17.0.4.1+1 (17.0.4.1+1, mixed mode, emulated-client, tiered, compressed oops, compressed class ptrs, g1 gc, windows-amd64)
GC Precious Log:
 CPUs: 4 total, 4 available
 Memory: 3005M
 Large Page Support: Disabled
 NUMA Support: Disabled
 Compressed Oops: Enabled (32-bit)
 Heap Region Size: 1M
 Heap Min Capacity: 8M
 Heap Initial Capacity: 48M
 Heap Max Capacity: 752M
 Pre-touch: Disabled
 Parallel Workers: 4
 Concurrent Workers: 1
 Concurrent Refinement Workers: 4
 Periodic GC: Disabled
Heap:
 garbage-first heap   total 330752K, used 235008K [0x00000000d1000000, 0x0000000100000000)
  region size 1024K, 76 young (77824K), 12 survivors (12288K)
 Metaspace       used 45363K, committed 45696K, reserved 1089536K
  class space    used 5585K, committed 5760K, reserved 1048576K
GC Heap History (20 events):
Event: 14.934 GC heap before
{Heap before GC invocations=29 (full 0):
 garbage-first heap   total 330752K, used 262301K [0x00000000d1000000, 0x0000000100000000)
  region size 1024K, 183 young (187392K), 20 survivors (20480K)
 Metaspace       used 39659K, committed 40064K, reserved 1089536K
  class space    used 5047K, committed 5248K, reserved 1048576K
}
Event: 14.952 GC heap after
{Heap after GC invocations=30 (full 0):
 garbage-first heap   total 330752K, used 107119K [0x00000000d1000000, 0x0000000100000000)
  region size 1024K, 19 young (19456K), 19 survivors (19456K)
 Metaspace       used 39659K, committed 40064K, reserved 1089536K
  class space    used 5047K, committed 5248K, reserved 1048576K
}
Event: 15.166 GC heap before
{Heap before GC invocations=30 (full 0):
 garbage-first heap   total 330752K, used 263791K [0x00000000d1000000, 0x0000000100000000)
  region size 1024K, 173 young (177152K), 19 survivors (19456K)
 Metaspace       used 40568K, committed 40896K, reserved 1089536K
  class space    used 5088K, committed 5248K, reserved 1048576K
}
Event: 15.182 GC heap after
{Heap after GC invocations=31 (full 0):
 garbage-first heap   total 330752K, used 112867K [0x00000000d1000000, 0x0000000100000000)
  region size 1024K, 17 young (17408K), 17 survivors (17408K)
 Metaspace       used 40568K, committed 40896K, reserved 1089536K
  class space    used 5088K, committed 5248K, reserved 1048576K
}
Event: 15.409 GC heap before
{Heap before GC invocations=31 (full 0):
 garbage-first heap   total 330752K, used 269539K [0x00000000d1000000, 0x0000000100000000)
  region size 1024K, 171 young (175104K), 17 survivors (17408K)
 Metaspace       used 41445K, committed 41792K, reserved 1089536K
  class space    used 5161K, committed 5312K, reserved 1048576K
}
Event: 15.424 GC heap after
{Heap after GC invocations=32 (full 0):
 garbage-first heap   total 330752K, used 120320K [0x00000000d1000000, 0x0000000100000000)
  region size 1024K, 13 young (13312K), 13 survivors (13312K)
 Metaspace       used 41445K, committed 41792K, reserved 1089536K
  class space    used 5161K, committed 5312K, reserved 1048576K
}
Event: 15.732 GC heap before
{Heap before GC invocations=32 (full 0):
 garbage-first heap   total 330752K, used 272896K [0x00000000d1000000, 0x0000000100000000)
  region size 1024K, 163 young (166912K), 13 survivors (13312K)
 Metaspace       used 42571K, committed 42880K, reserved 1089536K
  class space    used 5284K, committed 5440K, reserved 1048576K
}
Event: 15.744 GC heap after
{Heap after GC invocations=33 (full 0):
 garbage-first heap   total 330752K, used 127304K [0x00000000d1000000, 0x0000000100000000)
  region size 1024K, 14 young (14336K), 14 survivors (14336K)
 Metaspace       used 42571K, committed 42880K, reserved 1089536K
  class space    used 5284K, committed 5440K, reserved 1048576K
}
Event: 15.971 GC heap before
{Heap before GC invocations=33 (full 0):
 garbage-first heap   total 330752K, used 274760K [0x00000000d1000000, 0x0000000100000000)
  region size 1024K, 159 young (162816K), 14 survivors (14336K)
 Metaspace       used 42721K, committed 43072K, reserved 1089536K
  class space    used 5311K, committed 5504K, reserved 1048576K
}
Event: 15.984 GC heap after
{Heap after GC invocations=34 (full 0):
 garbage-first heap   total 330752K, used 139651K [0x00000000d1000000, 0x0000000100000000)
  region size 1024K, 19 young (19456K), 19 survivors (19456K)
 Metaspace       used 42721K, committed 43072K, reserved 1089536K
  class space    used 5311K, committed 5504K, reserved 1048576K
}
Event: 16.451 GC heap before
{Heap before GC invocations=34 (full 0):
 garbage-first heap   total 330752K, used 272771K [0x00000000d1000000, 0x0000000100000000)
  region size 1024K, 150 young (153600K), 19 survivors (19456K)
 Metaspace       used 43078K, committed 43392K, reserved 1089536K
  class space    used 5352K, committed 5504K, reserved 1048576K
}
Event: 16.465 GC heap after
{Heap after GC invocations=35 (full 0):
 garbage-first heap   total 330752K, used 147257K [0x00000000d1000000, 0x0000000100000000)
  region size 1024K, 9 young (9216K), 9 survivors (9216K)
 Metaspace       used 43078K, committed 43392K, reserved 1089536K
  class space    used 5352K, committed 5504K, reserved 1048576K
}
Event: 16.714 GC heap before
{Heap before GC invocations=35 (full 0):
 garbage-first heap   total 330752K, used 274233K [0x00000000d1000000, 0x0000000100000000)
  region size 1024K, 134 young (137216K), 9 survivors (9216K)
 Metaspace       used 43423K, committed 43776K, reserved 1089536K
  class space    used 5397K, committed 5568K, reserved 1048576K
}
Event: 16.724 GC heap after
{Heap after GC invocations=36 (full 0):
 garbage-first heap   total 330752K, used 152834K [0x00000000d1000000, 0x0000000100000000)
  region size 1024K, 14 young (14336K), 14 survivors (14336K)
 Metaspace       used 43423K, committed 43776K, reserved 1089536K
  class space    used 5397K, committed 5568K, reserved 1048576K
}
Event: 16.972 GC heap before
{Heap before GC invocations=36 (full 0):
 garbage-first heap   total 330752K, used 277762K [0x00000000d1000000, 0x0000000100000000)
  region size 1024K, 136 young (139264K), 14 survivors (14336K)
 Metaspace       used 43835K, committed 44160K, reserved 1089536K
  class space    used 5446K, committed 5632K, reserved 1048576K
}
Event: 16.988 GC heap after
{Heap after GC invocations=37 (full 0):
 garbage-first heap   total 330752K, used 160947K [0x00000000d1000000, 0x0000000100000000)
  region size 1024K, 13 young (13312K), 13 survivors (13312K)
 Metaspace       used 43835K, committed 44160K, reserved 1089536K
  class space    used 5446K, committed 5632K, reserved 1048576K
}
Event: 17.237 GC heap before
{Heap before GC invocations=37 (full 0):
 garbage-first heap   total 330752K, used 277683K [0x00000000d1000000, 0x0000000100000000)
  region size 1024K, 128 young (131072K), 13 survivors (13312K)
 Metaspace       used 44068K, committed 44416K, reserved 1089536K
  class space    used 5475K, committed 5632K, reserved 1048576K
}
Event: 17.252 GC heap after
{Heap after GC invocations=38 (full 0):
 garbage-first heap   total 330752K, used 167236K [0x00000000d1000000, 0x0000000100000000)
  region size 1024K, 13 young (13312K), 13 survivors (13312K)
 Metaspace       used 44068K, committed 44416K, reserved 1089536K
  class space    used 5475K, committed 5632K, reserved 1048576K
}
Event: 17.473 GC heap before
{Heap before GC invocations=38 (full 0):
 garbage-first heap   total 330752K, used 278852K [0x00000000d1000000, 0x0000000100000000)
  region size 1024K, 123 young (125952K), 13 survivors (13312K)
 Metaspace       used 44855K, committed 45184K, reserved 1089536K
  class space    used 5538K, committed 5696K, reserved 1048576K
}
Event: 17.488 GC heap after
{Heap after GC invocations=39 (full 0):
 garbage-first heap   total 330752K, used 172544K [0x00000000d1000000, 0x0000000100000000)
  region size 1024K, 12 young (12288K), 12 survivors (12288K)
 Metaspace       used 44855K, committed 45184K, reserved 1089536K
  class space    used 5538K, committed 5696K, reserved 1048576K
}

