# JRE version: OpenJDK Runtime Environment Temurin-17.0.4.1+1 (17.0.4.1+1) (build 17.0.4.1+1)
# Java VM: OpenJDK 64-Bit Server VM Temurin-17.0.4.1+1 (17.0.4.1+1, mixed mode, emulated-client, tiered, compressed oops, compressed class ptrs, g1 gc, windows-amd64)
GC Precious Log:
 CPUs: 4 total, 4 available
 Memory: 3005M
 Large Page Support: Disabled
 NUMA Support: Disabled
 Compressed Oops: Enabled (32-bit)
 Heap Region Size: 1M
 Heap Min Capacity: 8M
 Heap Initial Capacity: 48M
 Heap Max Capacity: 752M
 Pre-touch: Disabled
 Parallel Workers: 4
 Concurrent Workers: 1
 Concurrent Refinement Workers: 4
 Periodic GC: Disabled
Heap:
 garbage-first heap   total 356352K, used 232934K [0x00000000d1000000, 0x0000000100000000)
  region size 1024K, 54 young (55296K), 13 survivors (13312K)
 Metaspace       used 46153K, committed 46528K, reserved 1089536K
  class space    used 5672K, committed 5824K, reserved 1048576K
GC Heap History (20 events):
Event: 10.166 GC heap before
{Heap before GC invocations=31 (full 0):
 garbage-first heap   total 356352K, used 290185K [0x00000000d1000000, 0x0000000100000000)
  region size 1024K, 193 young (197632K), 20 survivors (20480K)
 Metaspace       used 39663K, committed 40064K, reserved 1089536K
  class space    used 5052K, committed 5248K, reserved 1048576K
}
Event: 10.183 GC heap after
{Heap after GC invocations=32 (full 0):
 garbage-first heap   total 356352K, used 122368K [0x00000000d1000000, 0x0000000100000000)
  region size 1024K, 19 young (19456K), 19 survivors (19456K)
 Metaspace       used 39663K, committed 40064K, reserved 1089536K
  class space    used 5052K, committed 5248K, reserved 1048576K
}
Event: 10.454 GC heap before
{Heap before GC invocations=32 (full 0):
 garbage-first heap   total 356352K, used 294400K [0x00000000d1000000, 0x0000000100000000)
  region size 1024K, 188 young (192512K), 19 survivors (19456K)
 Metaspace       used 40742K, committed 41088K, reserved 1089536K
  class space    used 5104K, committed 5248K, reserved 1048576K
}
Event: 10.471 GC heap after
{Heap after GC invocations=33 (full 0):
 garbage-first heap   total 356352K, used 135594K [0x00000000d1000000, 0x0000000100000000)
  region size 1024K, 20 young (20480K), 20 survivors (20480K)
 Metaspace       used 40742K, committed 41088K, reserved 1089536K
  class space    used 5104K, committed 5248K, reserved 1048576K
}
Event: 10.930 GC heap before
{Heap before GC invocations=33 (full 0):
 garbage-first heap   total 356352K, used 292266K [0x00000000d1000000, 0x0000000100000000)
  region size 1024K, 174 young (178176K), 20 survivors (20480K)
 Metaspace       used 42290K, committed 42688K, reserved 1089536K
  class space    used 5243K, committed 5440K, reserved 1048576K
}
Event: 10.945 GC heap after
{Heap after GC invocations=34 (full 0):
 garbage-first heap   total 356352K, used 144243K [0x00000000d1000000, 0x0000000100000000)
  region size 1024K, 9 young (9216K), 9 survivors (9216K)
 Metaspace       used 42290K, committed 42688K, reserved 1089536K
  class space    used 5243K, committed 5440K, reserved 1048576K
}
Event: 11.472 GC heap before
{Heap before GC invocations=34 (full 0):
 garbage-first heap   total 356352K, used 294771K [0x00000000d1000000, 0x0000000100000000)
  region size 1024K, 157 young (160768K), 9 survivors (9216K)
 Metaspace       used 43122K, committed 43456K, reserved 1089536K
  class space    used 5358K, committed 5504K, reserved 1048576K
}
Event: 11.484 GC heap after
{Heap after GC invocations=35 (full 0):
 garbage-first heap   total 356352K, used 151411K [0x00000000d1000000, 0x0000000100000000)
  region size 1024K, 16 young (16384K), 16 survivors (16384K)
 Metaspace       used 43122K, committed 43456K, reserved 1089536K
  class space    used 5358K, committed 5504K, reserved 1048576K
}
Event: 11.789 GC heap before
{Heap before GC invocations=35 (full 0):
 garbage-first heap   total 356352K, used 297843K [0x00000000d1000000, 0x0000000100000000)
  region size 1024K, 159 young (162816K), 16 survivors (16384K)
 Metaspace       used 43491K, committed 43840K, reserved 1089536K
  class space    used 5408K, committed 5568K, reserved 1048576K
}
Event: 11.807 GC heap after
{Heap after GC invocations=36 (full 0):
 garbage-first heap   total 356352K, used 160157K [0x00000000d1000000, 0x0000000100000000)
  region size 1024K, 15 young (15360K), 15 survivors (15360K)
 Metaspace       used 43491K, committed 43840K, reserved 1089536K
  class space    used 5408K, committed 5568K, reserved 1048576K
}
Event: 12.513 GC heap before
{Heap before GC invocations=36 (full 0):
 garbage-first heap   total 356352K, used 298397K [0x00000000d1000000, 0x0000000100000000)
  region size 1024K, 151 young (154624K), 15 survivors (15360K)
 Metaspace       used 43928K, committed 44288K, reserved 1089536K
  class space    used 5462K, committed 5632K, reserved 1048576K
}
Event: 12.530 GC heap after
{Heap after GC invocations=37 (full 0):
 garbage-first heap   total 356352K, used 167130K [0x00000000d1000000, 0x0000000100000000)
  region size 1024K, 15 young (15360K), 15 survivors (15360K)
 Metaspace       used 43928K, committed 44288K, reserved 1089536K
  class space    used 5462K, committed 5632K, reserved 1048576K
}
Event: 12.880 GC heap before
{Heap before GC invocations=37 (full 0):
 garbage-first heap   total 356352K, used 299226K [0x00000000d1000000, 0x0000000100000000)
  region size 1024K, 145 young (148480K), 15 survivors (15360K)
 Metaspace       used 44586K, committed 44928K, reserved 1089536K
  class space    used 5510K, committed 5696K, reserved 1048576K
}
Event: 12.895 GC heap after
{Heap after GC invocations=38 (full 0):
 garbage-first heap   total 356352K, used 173761K [0x00000000d1000000, 0x0000000100000000)
  region size 1024K, 14 young (14336K), 14 survivors (14336K)
 Metaspace       used 44586K, committed 44928K, reserved 1089536K
  class space    used 5510K, committed 5696K, reserved 1048576K
}
Event: 13.151 GC heap before
{Heap before GC invocations=38 (full 0):
 garbage-first heap   total 356352K, used 300737K [0x00000000d1000000, 0x0000000100000000)
  region size 1024K, 139 young (142336K), 14 survivors (14336K)
 Metaspace       used 45515K, committed 45824K, reserved 1089536K
  class space    used 5608K, committed 5760K, reserved 1048576K
}
Event: 13.166 GC heap after
{Heap after GC invocations=39 (full 0):
 garbage-first heap   total 356352K, used 180722K [0x00000000d1000000, 0x0000000100000000)
  region size 1024K, 14 young (14336K), 14 survivors (14336K)
 Metaspace       used 45515K, committed 45824K, reserved 1089536K
  class space    used 5608K, committed 5760K, reserved 1048576K
}
Event: 13.414 GC heap before
{Heap before GC invocations=39 (full 0):
 garbage-first heap   total 356352K, used 303602K [0x00000000d1000000, 0x0000000100000000)
  region size 1024K, 136 young (139264K), 14 survivors (14336K)
 Metaspace       used 45758K, committed 46144K, reserved 1089536K
  class space    used 5633K, committed 5824K, reserved 1048576K
}
Event: 13.430 GC heap after
{Heap after GC invocations=40 (full 0):
 garbage-first heap   total 356352K, used 187225K [0x00000000d1000000, 0x0000000100000000)
  region size 1024K, 13 young (13312K), 13 survivors (13312K)
 Metaspace       used 45758K, committed 46144K, reserved 1089536K
  class space    used 5633K, committed 5824K, reserved 1048576K
}
Event: 13.639 GC heap before
{Heap before GC invocations=40 (full 0):
 garbage-first heap   total 356352K, used 302937K [0x00000000d1000000, 0x0000000100000000)
  region size 1024K, 127 young (130048K), 13 survivors (13312K)
 Metaspace       used 45992K, committed 46400K, reserved 1089536K
  class space    used 5657K, committed 5824K, reserved 1048576K
}
Event: 13.652 GC heap after
{Heap after GC invocations=41 (full 0):
 garbage-first heap   total 356352K, used 194022K [0x00000000d1000000, 0x0000000100000000)
  region size 1024K, 13 young (13312K), 13 survivors (13312K)
 Metaspace       used 45992K, committed 46400K, reserved 1089536K
  class space    used 5657K, committed 5824K, reserved 1048576K
}

