# JRE version: OpenJDK Runtime Environment Temurin-17.0.3+7 (17.0.3+7) (build 17.0.3+7)
# Java VM: OpenJDK 64-Bit Server VM Temurin-17.0.3+7 (17.0.3+7, mixed mode, sharing, tiered, compressed oops, compressed class ptrs, g1 gc, windows-amd64)
GC Precious Log:
 CPUs: 4 total, 4 available
 Memory: 3005M
 Large Page Support: Disabled
 NUMA Support: Disabled
 Compressed Oops: Enabled (32-bit)
 Heap Region Size: 1M
 Heap Min Capacity: 8M
 Heap Initial Capacity: 48M
 Heap Max Capacity: 752M
 Pre-touch: Disabled
 Parallel Workers: 4
 Concurrent Workers: 1
 Concurrent Refinement Workers: 4
 Periodic GC: Disabled
Heap:
 garbage-first heap   total 204800K, used 71293K [0x00000000d1000000, 0x0000000100000000)
  region size 1024K, 5 young (5120K), 5 survivors (5120K)
 Metaspace       used 73341K, committed 74112K, reserved 1114112K
  class space    used 8886K, committed 9280K, reserved 1048576K
GC Heap History (20 events):
Event: 646.060 GC heap after
{Heap after GC invocations=78 (full 2):
 garbage-first heap   total 160768K, used 47419K [0x00000000d1000000, 0x0000000100000000)
  region size 1024K, 1 young (1024K), 1 survivors (1024K)
 Metaspace       used 69247K, committed 69888K, reserved 1114112K
  class space    used 8591K, committed 8896K, reserved 1048576K
}
Event: 650.457 GC heap before
{Heap before GC invocations=78 (full 2):
 garbage-first heap   total 160768K, used 126267K [0x00000000d1000000, 0x0000000100000000)
  region size 1024K, 78 young (79872K), 1 survivors (1024K)
 Metaspace       used 70016K, committed 70784K, reserved 1114112K
  class space    used 8654K, committed 9024K, reserved 1048576K
}
Event: 650.477 GC heap after
{Heap after GC invocations=79 (full 2):
 garbage-first heap   total 160768K, used 52569K [0x00000000d1000000, 0x0000000100000000)
  region size 1024K, 6 young (6144K), 6 survivors (6144K)
 Metaspace       used 70016K, committed 70784K, reserved 1114112K
  class space    used 8654K, committed 9024K, reserved 1048576K
}
Event: 661.577 GC heap before
{Heap before GC invocations=80 (full 2):
 garbage-first heap   total 160768K, used 126297K [0x00000000d1000000, 0x0000000100000000)
  region size 1024K, 79 young (80896K), 6 survivors (6144K)
 Metaspace       used 70599K, committed 71296K, reserved 1114112K
  class space    used 8699K, committed 9088K, reserved 1048576K
}
Event: 661.629 GC heap after
{Heap after GC invocations=81 (full 2):
 garbage-first heap   total 160768K, used 55461K [0x00000000d1000000, 0x0000000100000000)
  region size 1024K, 5 young (5120K), 5 survivors (5120K)
 Metaspace       used 70599K, committed 71296K, reserved 1114112K
  class space    used 8699K, committed 9088K, reserved 1048576K
}
Event: 661.843 GC heap before
{Heap before GC invocations=81 (full 2):
 garbage-first heap   total 160768K, used 57509K [0x00000000d1000000, 0x0000000100000000)
  region size 1024K, 7 young (7168K), 5 survivors (5120K)
 Metaspace       used 70604K, committed 71296K, reserved 1114112K
  class space    used 8699K, committed 9088K, reserved 1048576K
}
Event: 661.866 GC heap after
{Heap after GC invocations=82 (full 2):
 garbage-first heap   total 160768K, used 55038K [0x00000000d1000000, 0x0000000100000000)
  region size 1024K, 1 young (1024K), 1 survivors (1024K)
 Metaspace       used 70604K, committed 71296K, reserved 1114112K
  class space    used 8699K, committed 9088K, reserved 1048576K
}
Event: 671.304 GC heap before
{Heap before GC invocations=82 (full 2):
 garbage-first heap   total 160768K, used 127742K [0x00000000d1000000, 0x0000000100000000)
  region size 1024K, 72 young (73728K), 1 survivors (1024K)
 Metaspace       used 71132K, committed 71808K, reserved 1114112K
  class space    used 8728K, committed 9088K, reserved 1048576K
}
Event: 671.353 GC heap after
{Heap after GC invocations=83 (full 2):
 garbage-first heap   total 160768K, used 58431K [0x00000000d1000000, 0x0000000100000000)
  region size 1024K, 4 young (4096K), 4 survivors (4096K)
 Metaspace       used 71132K, committed 71808K, reserved 1114112K
  class space    used 8728K, committed 9088K, reserved 1048576K
}
Event: 674.717 GC heap before
{Heap before GC invocations=84 (full 2):
 garbage-first heap   total 160768K, used 128063K [0x00000000d1000000, 0x0000000100000000)
  region size 1024K, 73 young (74752K), 4 survivors (4096K)
 Metaspace       used 71854K, committed 72576K, reserved 1114112K
  class space    used 8779K, committed 9152K, reserved 1048576K
}
Event: 674.740 GC heap after
{Heap after GC invocations=85 (full 2):
 garbage-first heap   total 160768K, used 62855K [0x00000000d1000000, 0x0000000100000000)
  region size 1024K, 9 young (9216K), 9 survivors (9216K)
 Metaspace       used 71854K, committed 72576K, reserved 1114112K
  class space    used 8779K, committed 9152K, reserved 1048576K
}
Event: 674.753 GC heap before
{Heap before GC invocations=85 (full 2):
 garbage-first heap   total 160768K, used 63879K [0x00000000d1000000, 0x0000000100000000)
  region size 1024K, 10 young (10240K), 9 survivors (9216K)
 Metaspace       used 71855K, committed 72576K, reserved 1114112K
  class space    used 8779K, committed 9152K, reserved 1048576K
}
Event: 674.812 GC heap after
{Heap after GC invocations=86 (full 2):
 garbage-first heap   total 160768K, used 62366K [0x00000000d1000000, 0x0000000100000000)
  region size 1024K, 2 young (2048K), 2 survivors (2048K)
 Metaspace       used 71855K, committed 72576K, reserved 1114112K
  class space    used 8779K, committed 9152K, reserved 1048576K
}
Event: 683.096 GC heap before
{Heap before GC invocations=86 (full 2):
 garbage-first heap   total 160768K, used 127902K [0x00000000d1000000, 0x0000000100000000)
  region size 1024K, 67 young (68608K), 2 survivors (2048K)
 Metaspace       used 72426K, committed 73088K, reserved 1114112K
  class space    used 8824K, committed 9152K, reserved 1048576K
}
Event: 683.110 GC heap after
{Heap after GC invocations=87 (full 2):
 garbage-first heap   total 160768K, used 65279K [0x00000000d1000000, 0x0000000100000000)
  region size 1024K, 5 young (5120K), 5 survivors (5120K)
 Metaspace       used 72426K, committed 73088K, reserved 1114112K
  class space    used 8824K, committed 9152K, reserved 1048576K
}
Event: 687.412 GC heap before
{Heap before GC invocations=88 (full 2):
 garbage-first heap   total 160768K, used 128767K [0x00000000d1000000, 0x0000000100000000)
  region size 1024K, 67 young (68608K), 5 survivors (5120K)
 Metaspace       used 72850K, committed 73600K, reserved 1114112K
  class space    used 8847K, committed 9216K, reserved 1048576K
}
Event: 687.428 GC heap after
{Heap after GC invocations=89 (full 2):
 garbage-first heap   total 160768K, used 69042K [0x00000000d1000000, 0x0000000100000000)
  region size 1024K, 8 young (8192K), 8 survivors (8192K)
 Metaspace       used 72850K, committed 73600K, reserved 1114112K
  class space    used 8847K, committed 9216K, reserved 1048576K
}
Event: 687.547 GC heap before
{Heap before GC invocations=89 (full 2):
 garbage-first heap   total 160768K, used 70066K [0x00000000d1000000, 0x0000000100000000)
  region size 1024K, 9 young (9216K), 8 survivors (8192K)
 Metaspace       used 72850K, committed 73600K, reserved 1114112K
  class space    used 8847K, committed 9216K, reserved 1048576K
}
Event: 687.625 GC heap after
{Heap after GC invocations=90 (full 2):
 garbage-first heap   total 160768K, used 66499K [0x00000000d1000000, 0x0000000100000000)
  region size 1024K, 1 young (1024K), 1 survivors (1024K)
 Metaspace       used 72850K, committed 73600K, reserved 1114112K
  class space    used 8847K, committed 9216K, reserved 1048576K
}
Event: 691.122 GC heap before
{Heap before GC invocations=90 (full 2):
 garbage-first heap   total 160768K, used 127939K [0x00000000d1000000, 0x0000000100000000)
  region size 1024K, 62 young (63488K), 1 survivors (1024K)
 Metaspace       used 73341K, committed 74112K, reserved 1114112K
  class space    used 8886K, committed 9280K, reserved 1048576K
}

