# JRE version: OpenJDK Runtime Environment Temurin-17.0.4.1+1 (17.0.4.1+1) (build 17.0.4.1+1)
# Java VM: OpenJDK 64-Bit Server VM Temurin-17.0.4.1+1 (17.0.4.1+1, mixed mode, emulated-client, tiered, compressed oops, compressed class ptrs, g1 gc, windows-amd64)
GC Precious Log:
 CPUs: 4 total, 4 available
 Memory: 3005M
 Large Page Support: Disabled
 NUMA Support: Disabled
 Compressed Oops: Enabled (32-bit)
 Heap Region Size: 1M
 Heap Min Capacity: 8M
 Heap Initial Capacity: 48M
 Heap Max Capacity: 752M
 Pre-touch: Disabled
 Parallel Workers: 4
 Concurrent Workers: 1
 Concurrent Refinement Workers: 4
 Periodic GC: Disabled
Heap:
 garbage-first heap   total 388096K, used 184985K [0x00000000d1000000, 0x0000000100000000)
  region size 1024K, 7 young (7168K), 7 survivors (7168K)
 Metaspace       used 46247K, committed 46592K, reserved 1089536K
  class space    used 5682K, committed 5824K, reserved 1048576K
GC Heap History (20 events):
Event: 14.145 GC heap after
{Heap after GC invocations=40 (full 0):
 garbage-first heap   total 280576K, used 135954K [0x00000000d1000000, 0x0000000100000000)
  region size 1024K, 15 young (15360K), 15 survivors (15360K)
 Metaspace       used 41984K, committed 42304K, reserved 1089536K
  class space    used 5212K, committed 5376K, reserved 1048576K
}
Event: 14.344 GC heap before
{Heap before GC invocations=40 (full 0):
 garbage-first heap   total 280576K, used 232210K [0x00000000d1000000, 0x0000000100000000)
  region size 1024K, 110 young (112640K), 15 survivors (15360K)
 Metaspace       used 42715K, committed 43072K, reserved 1089536K
  class space    used 5310K, committed 5504K, reserved 1048576K
}
Event: 14.352 GC heap after
{Heap after GC invocations=41 (full 0):
 garbage-first heap   total 280576K, used 142335K [0x00000000d1000000, 0x0000000100000000)
  region size 1024K, 7 young (7168K), 7 survivors (7168K)
 Metaspace       used 42715K, committed 43072K, reserved 1089536K
  class space    used 5310K, committed 5504K, reserved 1048576K
}
Event: 14.681 GC heap before
{Heap before GC invocations=41 (full 0):
 garbage-first heap   total 280576K, used 233471K [0x00000000d1000000, 0x0000000100000000)
  region size 1024K, 97 young (99328K), 7 survivors (7168K)
 Metaspace       used 43501K, committed 43840K, reserved 1089536K
  class space    used 5407K, committed 5568K, reserved 1048576K
}
Event: 14.689 GC heap after
{Heap after GC invocations=42 (full 0):
 garbage-first heap   total 280576K, used 146287K [0x00000000d1000000, 0x0000000100000000)
  region size 1024K, 11 young (11264K), 11 survivors (11264K)
 Metaspace       used 43501K, committed 43840K, reserved 1089536K
  class space    used 5407K, committed 5568K, reserved 1048576K
}
Event: 15.027 GC heap before
{Heap before GC invocations=43 (full 0):
 garbage-first heap   total 353280K, used 229231K [0x00000000d1000000, 0x0000000100000000)
  region size 1024K, 93 young (95232K), 11 survivors (11264K)
 Metaspace       used 43957K, committed 44352K, reserved 1089536K
  class space    used 5462K, committed 5632K, reserved 1048576K
}
Event: 15.040 GC heap after
{Heap after GC invocations=44 (full 0):
 garbage-first heap   total 353280K, used 150356K [0x00000000d1000000, 0x0000000100000000)
  region size 1024K, 9 young (9216K), 9 survivors (9216K)
 Metaspace       used 43957K, committed 44352K, reserved 1089536K
  class space    used 5462K, committed 5632K, reserved 1048576K
}
Event: 15.064 GC heap before
{Heap before GC invocations=44 (full 0):
 garbage-first heap   total 353280K, used 157524K [0x00000000d1000000, 0x0000000100000000)
  region size 1024K, 17 young (17408K), 9 survivors (9216K)
 Metaspace       used 44019K, committed 44416K, reserved 1089536K
  class space    used 5469K, committed 5632K, reserved 1048576K
}
Event: 15.073 GC heap after
{Heap after GC invocations=45 (full 0):
 garbage-first heap   total 353280K, used 149006K [0x00000000d1000000, 0x0000000100000000)
  region size 1024K, 1 young (1024K), 1 survivors (1024K)
 Metaspace       used 44019K, committed 44416K, reserved 1089536K
  class space    used 5469K, committed 5632K, reserved 1048576K
}
Event: 15.647 GC heap before
{Heap before GC invocations=45 (full 0):
 garbage-first heap   total 353280K, used 294414K [0x00000000d1000000, 0x0000000100000000)
  region size 1024K, 143 young (146432K), 1 survivors (1024K)
 Metaspace       used 44150K, committed 44480K, reserved 1089536K
  class space    used 5488K, committed 5632K, reserved 1048576K
}
Event: 15.658 GC heap after
{Heap after GC invocations=46 (full 0):
 garbage-first heap   total 353280K, used 157196K [0x00000000d1000000, 0x0000000100000000)
  region size 1024K, 8 young (8192K), 8 survivors (8192K)
 Metaspace       used 44150K, committed 44480K, reserved 1089536K
  class space    used 5488K, committed 5632K, reserved 1048576K
}
Event: 16.057 GC heap before
{Heap before GC invocations=46 (full 0):
 garbage-first heap   total 353280K, used 295436K [0x00000000d1000000, 0x0000000100000000)
  region size 1024K, 144 young (147456K), 8 survivors (8192K)
 Metaspace       used 45331K, committed 45696K, reserved 1089536K
  class space    used 5590K, committed 5760K, reserved 1048576K
}
Event: 16.069 GC heap after
{Heap after GC invocations=47 (full 0):
 garbage-first heap   total 353280K, used 163988K [0x00000000d1000000, 0x0000000100000000)
  region size 1024K, 15 young (15360K), 15 survivors (15360K)
 Metaspace       used 45331K, committed 45696K, reserved 1089536K
  class space    used 5590K, committed 5760K, reserved 1048576K
}
Event: 16.435 GC heap before
{Heap before GC invocations=47 (full 0):
 garbage-first heap   total 353280K, used 296084K [0x00000000d1000000, 0x0000000100000000)
  region size 1024K, 145 young (148480K), 15 survivors (15360K)
 Metaspace       used 46207K, committed 46592K, reserved 1089536K
  class space    used 5676K, committed 5824K, reserved 1048576K
}
Event: 16.453 GC heap after
{Heap after GC invocations=48 (full 0):
 garbage-first heap   total 353280K, used 172268K [0x00000000d1000000, 0x0000000100000000)
  region size 1024K, 15 young (15360K), 15 survivors (15360K)
 Metaspace       used 46207K, committed 46592K, reserved 1089536K
  class space    used 5676K, committed 5824K, reserved 1048576K
}
Event: 16.994 GC heap before
{Heap before GC invocations=49 (full 0):
 garbage-first heap   total 388096K, used 294124K [0x00000000d1000000, 0x0000000100000000)
  region size 1024K, 135 young (138240K), 15 survivors (15360K)
 Metaspace       used 46244K, committed 46592K, reserved 1089536K
  class space    used 5679K, committed 5824K, reserved 1048576K
}
Event: 17.016 GC heap after
{Heap after GC invocations=50 (full 0):
 garbage-first heap   total 388096K, used 180634K [0x00000000d1000000, 0x0000000100000000)
  region size 1024K, 16 young (16384K), 16 survivors (16384K)
 Metaspace       used 46244K, committed 46592K, reserved 1089536K
  class space    used 5679K, committed 5824K, reserved 1048576K
}
Event: 17.021 GC heap before
{Heap before GC invocations=50 (full 0):
 garbage-first heap   total 388096K, used 181658K [0x00000000d1000000, 0x0000000100000000)
  region size 1024K, 18 young (18432K), 16 survivors (16384K)
 Metaspace       used 46246K, committed 46592K, reserved 1089536K
  class space    used 5682K, committed 5824K, reserved 1048576K
}
Event: 17.037 GC heap after
{Heap after GC invocations=51 (full 0):
 garbage-first heap   total 388096K, used 180183K [0x00000000d1000000, 0x0000000100000000)
  region size 1024K, 2 young (2048K), 2 survivors (2048K)
 Metaspace       used 46246K, committed 46592K, reserved 1089536K
  class space    used 5682K, committed 5824K, reserved 1048576K
}
Event: 17.432 GC heap before
{Heap before GC invocations=51 (full 0):
 garbage-first heap   total 388096K, used 322519K [0x00000000d1000000, 0x0000000100000000)
  region size 1024K, 142 young (145408K), 2 survivors (2048K)
 Metaspace       used 46247K, committed 46592K, reserved 1089536K
  class space    used 5682K, committed 5824K, reserved 1048576K
}

