# JRE version: OpenJDK Runtime Environment Temurin-17.0.3+7 (17.0.3+7) (build 17.0.3+7)
# Java VM: OpenJDK 64-Bit Server VM Temurin-17.0.3+7 (17.0.3+7, mixed mode, sharing, tiered, compressed oops, compressed class ptrs, g1 gc, windows-amd64)
GC Precious Log:
 CPUs: 4 total, 4 available
 Memory: 3005M
 Large Page Support: Disabled
 NUMA Support: Disabled
 Compressed Oops: Enabled (32-bit)
 Heap Region Size: 1M
 Heap Min Capacity: 8M
 Heap Initial Capacity: 48M
 Heap Max Capacity: 752M
 Pre-touch: Disabled
 Parallel Workers: 4
 Concurrent Workers: 1
 Concurrent Refinement Workers: 4
 Periodic GC: Disabled
Heap:
 garbage-first heap   total 49152K, used 22189K [0x00000000d1000000, 0x0000000100000000)
  region size 1024K, 17 young (17408K), 3 survivors (3072K)
 Metaspace       used 19492K, committed 19712K, reserved 1073152K
  class space    used 2442K, committed 2560K, reserved 1048576K
GC Heap History (8 events):
Event: 1.892 GC heap before
{Heap before GC invocations=0 (full 0):
 garbage-first heap   total 49152K, used 13312K [0x00000000d1000000, 0x0000000100000000)
  region size 1024K, 13 young (13312K), 0 survivors (0K)
 Metaspace       used 5937K, committed 6144K, reserved 1056768K
  class space    used 641K, committed 768K, reserved 1048576K
}
Event: 1.905 GC heap after
{Heap after GC invocations=1 (full 0):
 garbage-first heap   total 49152K, used 6630K [0x00000000d1000000, 0x0000000100000000)
  region size 1024K, 2 young (2048K), 2 survivors (2048K)
 Metaspace       used 5937K, committed 6144K, reserved 1056768K
  class space    used 641K, committed 768K, reserved 1048576K
}
Event: 2.320 GC heap before
{Heap before GC invocations=1 (full 0):
 garbage-first heap   total 49152K, used 13798K [0x00000000d1000000, 0x0000000100000000)
  region size 1024K, 10 young (10240K), 2 survivors (2048K)
 Metaspace       used 7658K, committed 7808K, reserved 1056768K
  class space    used 846K, committed 896K, reserved 1048576K
}
Event: 2.326 GC heap after
{Heap after GC invocations=2 (full 0):
 garbage-first heap   total 49152K, used 7378K [0x00000000d1000000, 0x0000000100000000)
  region size 1024K, 1 young (1024K), 1 survivors (1024K)
 Metaspace       used 7658K, committed 7808K, reserved 1056768K
  class space    used 846K, committed 896K, reserved 1048576K
}
Event: 3.687 GC heap before
{Heap before GC invocations=2 (full 0):
 garbage-first heap   total 49152K, used 21714K [0x00000000d1000000, 0x0000000100000000)
  region size 1024K, 15 young (15360K), 1 survivors (1024K)
 Metaspace       used 10952K, committed 11200K, reserved 1064960K
  class space    used 1339K, committed 1472K, reserved 1048576K
}
Event: 3.691 GC heap after
{Heap after GC invocations=3 (full 0):
 garbage-first heap   total 49152K, used 8546K [0x00000000d1000000, 0x0000000100000000)
  region size 1024K, 2 young (2048K), 2 survivors (2048K)
 Metaspace       used 10952K, committed 11200K, reserved 1064960K
  class space    used 1339K, committed 1472K, reserved 1048576K
}
Event: 4.656 GC heap before
{Heap before GC invocations=3 (full 0):
 garbage-first heap   total 49152K, used 29026K [0x00000000d1000000, 0x0000000100000000)
  region size 1024K, 23 young (23552K), 2 survivors (2048K)
 Metaspace       used 16286K, committed 16512K, reserved 1064960K
  class space    used 2137K, committed 2240K, reserved 1048576K
}
Event: 4.664 GC heap after
{Heap after GC invocations=4 (full 0):
 garbage-first heap   total 49152K, used 9901K [0x00000000d1000000, 0x0000000100000000)
  region size 1024K, 3 young (3072K), 3 survivors (3072K)
 Metaspace       used 16286K, committed 16512K, reserved 1064960K
  class space    used 2137K, committed 2240K, reserved 1048576K
}

