# JRE version: OpenJDK Runtime Environment Temurin-17.0.3+7 (17.0.3+7) (build 17.0.3+7)
# Java VM: OpenJDK 64-Bit Server VM Temurin-17.0.3+7 (17.0.3+7, mixed mode, sharing, tiered, compressed oops, compressed class ptrs, g1 gc, windows-amd64)
GC Precious Log:
 CPUs: 4 total, 4 available
 Memory: 3005M
 Large Page Support: Disabled
 NUMA Support: Disabled
 Compressed Oops: Enabled (32-bit)
 Heap Region Size: 1M
 Heap Min Capacity: 8M
 Heap Initial Capacity: 48M
 Heap Max Capacity: 752M
 Pre-touch: Disabled
 Parallel Workers: 4
 Concurrent Workers: 1
 Concurrent Refinement Workers: 4
 Periodic GC: Disabled
Heap:
 garbage-first heap   total 92160K, used 38504K [0x00000000d1000000, 0x0000000100000000)
  region size 1024K, 2 young (2048K), 2 survivors (2048K)
 Metaspace       used 78766K, committed 79616K, reserved 1122304K
  class space    used 9301K, committed 9728K, reserved 1048576K
GC Heap History (20 events):
Event: 1270.066 GC heap after
{Heap after GC invocations=86 (full 10):
 garbage-first heap   total 92160K, used 35357K [0x00000000d1000000, 0x0000000100000000)
  region size 1024K, 3 young (3072K), 3 survivors (3072K)
 Metaspace       used 76005K, committed 76864K, reserved 1122304K
  class space    used 9122K, committed 9536K, reserved 1048576K
}
Event: 1271.416 GC heap before
{Heap before GC invocations=86 (full 10):
 garbage-first heap   total 92160K, used 73245K [0x00000000d1000000, 0x0000000100000000)
  region size 1024K, 40 young (40960K), 3 survivors (3072K)
 Metaspace       used 76266K, committed 77120K, reserved 1122304K
  class space    used 9136K, committed 9536K, reserved 1048576K
}
Event: 1271.445 GC heap after
{Heap after GC invocations=87 (full 10):
 garbage-first heap   total 92160K, used 36638K [0x00000000d1000000, 0x0000000100000000)
  region size 1024K, 4 young (4096K), 4 survivors (4096K)
 Metaspace       used 76266K, committed 77120K, reserved 1122304K
  class space    used 9136K, committed 9536K, reserved 1048576K
}
Event: 1274.661 GC heap before
{Heap before GC invocations=87 (full 10):
 garbage-first heap   total 92160K, used 68382K [0x00000000d1000000, 0x0000000100000000)
  region size 1024K, 36 young (36864K), 4 survivors (4096K)
 Metaspace       used 76472K, committed 77312K, reserved 1122304K
  class space    used 9148K, committed 9536K, reserved 1048576K
}
Event: 1275.156 GC heap after
{Heap after GC invocations=88 (full 11):
 garbage-first heap   total 92160K, used 29194K [0x00000000d1000000, 0x0000000100000000)
  region size 1024K, 0 young (0K), 0 survivors (0K)
 Metaspace       used 76470K, committed 77312K, reserved 1122304K
  class space    used 9147K, committed 9536K, reserved 1048576K
}
Event: 1281.154 GC heap before
{Heap before GC invocations=88 (full 11):
 garbage-first heap   total 92160K, used 74250K [0x00000000d1000000, 0x0000000100000000)
  region size 1024K, 44 young (45056K), 0 survivors (0K)
 Metaspace       used 76889K, committed 77760K, reserved 1122304K
  class space    used 9177K, committed 9600K, reserved 1048576K
}
Event: 1281.174 GC heap after
{Heap after GC invocations=89 (full 11):
 garbage-first heap   total 92160K, used 33816K [0x00000000d1000000, 0x0000000100000000)
  region size 1024K, 5 young (5120K), 5 survivors (5120K)
 Metaspace       used 76889K, committed 77760K, reserved 1122304K
  class space    used 9177K, committed 9600K, reserved 1048576K
}
Event: 1282.922 GC heap before
{Heap before GC invocations=89 (full 11):
 garbage-first heap   total 92160K, used 73752K [0x00000000d1000000, 0x0000000100000000)
  region size 1024K, 44 young (45056K), 5 survivors (5120K)
 Metaspace       used 77274K, committed 78080K, reserved 1122304K
  class space    used 9198K, committed 9600K, reserved 1048576K
}
Event: 1282.951 GC heap after
{Heap after GC invocations=90 (full 11):
 garbage-first heap   total 92160K, used 36080K [0x00000000d1000000, 0x0000000100000000)
  region size 1024K, 3 young (3072K), 3 survivors (3072K)
 Metaspace       used 77274K, committed 78080K, reserved 1122304K
  class space    used 9198K, committed 9600K, reserved 1048576K
}
Event: 1284.106 GC heap before
{Heap before GC invocations=90 (full 11):
 garbage-first heap   total 92160K, used 73968K [0x00000000d1000000, 0x0000000100000000)
  region size 1024K, 40 young (40960K), 3 survivors (3072K)
 Metaspace       used 77504K, committed 78336K, reserved 1122304K
  class space    used 9212K, committed 9600K, reserved 1048576K
}
Event: 1284.119 GC heap after
{Heap after GC invocations=91 (full 11):
 garbage-first heap   total 92160K, used 37192K [0x00000000d1000000, 0x0000000100000000)
  region size 1024K, 2 young (2048K), 2 survivors (2048K)
 Metaspace       used 77504K, committed 78336K, reserved 1122304K
  class space    used 9212K, committed 9600K, reserved 1048576K
}
Event: 1298.806 GC heap before
{Heap before GC invocations=91 (full 11):
 garbage-first heap   total 92160K, used 69960K [0x00000000d1000000, 0x0000000100000000)
  region size 1024K, 35 young (35840K), 2 survivors (2048K)
 Metaspace       used 77714K, committed 78528K, reserved 1122304K
  class space    used 9224K, committed 9600K, reserved 1048576K
}
Event: 1299.883 GC heap after
{Heap after GC invocations=92 (full 12):
 garbage-first heap   total 92160K, used 29795K [0x00000000d1000000, 0x0000000100000000)
  region size 1024K, 0 young (0K), 0 survivors (0K)
 Metaspace       used 77711K, committed 78528K, reserved 1122304K
  class space    used 9224K, committed 9600K, reserved 1048576K
}
Event: 1302.739 GC heap before
{Heap before GC invocations=92 (full 12):
 garbage-first heap   total 92160K, used 73827K [0x00000000d1000000, 0x0000000100000000)
  region size 1024K, 43 young (44032K), 0 survivors (0K)
 Metaspace       used 78000K, committed 78848K, reserved 1122304K
  class space    used 9252K, committed 9664K, reserved 1048576K
}
Event: 1302.754 GC heap after
{Heap after GC invocations=93 (full 12):
 garbage-first heap   total 92160K, used 33665K [0x00000000d1000000, 0x0000000100000000)
  region size 1024K, 4 young (4096K), 4 survivors (4096K)
 Metaspace       used 78000K, committed 78848K, reserved 1122304K
  class space    used 9252K, committed 9664K, reserved 1048576K
}
Event: 1303.545 GC heap before
{Heap before GC invocations=93 (full 12):
 garbage-first heap   total 92160K, used 73601K [0x00000000d1000000, 0x0000000100000000)
  region size 1024K, 43 young (44032K), 4 survivors (4096K)
 Metaspace       used 78324K, committed 79104K, reserved 1122304K
  class space    used 9274K, committed 9664K, reserved 1048576K
}
Event: 1303.557 GC heap after
{Heap after GC invocations=94 (full 12):
 garbage-first heap   total 92160K, used 36445K [0x00000000d1000000, 0x0000000100000000)
  region size 1024K, 4 young (4096K), 4 survivors (4096K)
 Metaspace       used 78324K, committed 79104K, reserved 1122304K
  class space    used 9274K, committed 9664K, reserved 1048576K
}
Event: 1303.714 GC heap before
{Heap before GC invocations=94 (full 12):
 garbage-first heap   total 92160K, used 72285K [0x00000000d1000000, 0x0000000100000000)
  region size 1024K, 39 young (39936K), 4 survivors (4096K)
 Metaspace       used 78571K, committed 79360K, reserved 1122304K
  class space    used 9288K, committed 9664K, reserved 1048576K
}
Event: 1303.725 GC heap after
{Heap after GC invocations=95 (full 12):
 garbage-first heap   total 92160K, used 38073K [0x00000000d1000000, 0x0000000100000000)
  region size 1024K, 2 young (2048K), 2 survivors (2048K)
 Metaspace       used 78571K, committed 79360K, reserved 1122304K
  class space    used 9288K, committed 9664K, reserved 1048576K
}
Event: 1318.944 GC heap before
{Heap before GC invocations=95 (full 12):
 garbage-first heap   total 92160K, used 73913K [0x00000000d1000000, 0x0000000100000000)
  region size 1024K, 37 young (37888K), 2 survivors (2048K)
 Metaspace       used 78766K, committed 79616K, reserved 1122304K
  class space    used 9301K, committed 9728K, reserved 1048576K
}

