# JRE version: OpenJDK Runtime Environment Temurin-17.0.3+7 (17.0.3+7) (build 17.0.3+7)
# Java VM: OpenJDK 64-Bit Server VM Temurin-17.0.3+7 (17.0.3+7, mixed mode, sharing, tiered, compressed oops, compressed class ptrs, g1 gc, windows-amd64)
GC Precious Log:
 CPUs: 4 total, 4 available
 Memory: 3005M
 Large Page Support: Disabled
 NUMA Support: Disabled
 Compressed Oops: Enabled (32-bit)
 Heap Region Size: 1M
 Heap Min Capacity: 8M
 Heap Initial Capacity: 48M
 Heap Max Capacity: 752M
 Pre-touch: Disabled
 Parallel Workers: 4
 Concurrent Workers: 1
 Concurrent Refinement Workers: 4
 Periodic GC: Disabled
Heap:
 garbage-first heap   total 116736K, used 40546K [0x00000000d1000000, 0x0000000100000000)
  region size 1024K, 6 young (6144K), 6 survivors (6144K)
 Metaspace       used 85488K, committed 86592K, reserved 1130496K
  class space    used 9938K, committed 10496K, reserved 1048576K
GC Heap History (20 events):
Event: 1187.761 GC heap after
{Heap after GC invocations=137 (full 10):
 garbage-first heap   total 116736K, used 41593K [0x00000000d1000000, 0x0000000100000000)
  region size 1024K, 4 young (4096K), 4 survivors (4096K)
 Metaspace       used 83053K, committed 84160K, reserved 1130496K
  class space    used 9747K, committed 10304K, reserved 1048576K
}
Event: 1189.247 GC heap before
{Heap before GC invocations=137 (full 10):
 garbage-first heap   total 116736K, used 44665K [0x00000000d1000000, 0x0000000100000000)
  region size 1024K, 8 young (8192K), 4 survivors (4096K)
 Metaspace       used 83062K, committed 84160K, reserved 1130496K
  class space    used 9747K, committed 10304K, reserved 1048576K
}
Event: 1189.357 GC heap after
{Heap after GC invocations=138 (full 11):
 garbage-first heap   total 116736K, used 33968K [0x00000000d1000000, 0x0000000100000000)
  region size 1024K, 0 young (0K), 0 survivors (0K)
 Metaspace       used 83059K, committed 84160K, reserved 1130496K
  class space    used 9747K, committed 10304K, reserved 1048576K
}
Event: 1191.527 GC heap before
{Heap before GC invocations=138 (full 11):
 garbage-first heap   total 116736K, used 90288K [0x00000000d1000000, 0x0000000100000000)
  region size 1024K, 56 young (57344K), 0 survivors (0K)
 Metaspace       used 83434K, committed 84544K, reserved 1130496K
  class space    used 9786K, committed 10368K, reserved 1048576K
}
Event: 1191.535 GC heap after
{Heap after GC invocations=139 (full 11):
 garbage-first heap   total 116736K, used 39434K [0x00000000d1000000, 0x0000000100000000)
  region size 1024K, 6 young (6144K), 6 survivors (6144K)
 Metaspace       used 83434K, committed 84544K, reserved 1130496K
  class space    used 9786K, committed 10368K, reserved 1048576K
}
Event: 1192.206 GC heap before
{Heap before GC invocations=139 (full 11):
 garbage-first heap   total 116736K, used 90634K [0x00000000d1000000, 0x0000000100000000)
  region size 1024K, 56 young (57344K), 6 survivors (6144K)
 Metaspace       used 83772K, committed 84864K, reserved 1130496K
  class space    used 9805K, committed 10368K, reserved 1048576K
}
Event: 1192.218 GC heap after
{Heap after GC invocations=140 (full 11):
 garbage-first heap   total 116736K, used 41687K [0x00000000d1000000, 0x0000000100000000)
  region size 1024K, 4 young (4096K), 4 survivors (4096K)
 Metaspace       used 83772K, committed 84864K, reserved 1130496K
  class space    used 9805K, committed 10368K, reserved 1048576K
}
Event: 1196.290 GC heap before
{Heap before GC invocations=140 (full 11):
 garbage-first heap   total 116736K, used 90839K [0x00000000d1000000, 0x0000000100000000)
  region size 1024K, 52 young (53248K), 4 survivors (4096K)
 Metaspace       used 84077K, committed 85120K, reserved 1130496K
  class space    used 9824K, committed 10368K, reserved 1048576K
}
Event: 1196.297 GC heap after
{Heap after GC invocations=141 (full 11):
 garbage-first heap   total 116736K, used 42099K [0x00000000d1000000, 0x0000000100000000)
  region size 1024K, 4 young (4096K), 4 survivors (4096K)
 Metaspace       used 84077K, committed 85120K, reserved 1130496K
  class space    used 9824K, committed 10368K, reserved 1048576K
}
Event: 1227.812 GC heap before
{Heap before GC invocations=141 (full 11):
 garbage-first heap   total 116736K, used 71795K [0x00000000d1000000, 0x0000000100000000)
  region size 1024K, 34 young (34816K), 4 survivors (4096K)
 Metaspace       used 84083K, committed 85248K, reserved 1130496K
  class space    used 9824K, committed 10432K, reserved 1048576K
}
Event: 1227.956 GC heap after
{Heap after GC invocations=142 (full 12):
 garbage-first heap   total 116736K, used 34591K [0x00000000d1000000, 0x0000000100000000)
  region size 1024K, 0 young (0K), 0 survivors (0K)
 Metaspace       used 84080K, committed 85248K, reserved 1130496K
  class space    used 9824K, committed 10432K, reserved 1048576K
}
Event: 1230.356 GC heap before
{Heap before GC invocations=142 (full 12):
 garbage-first heap   total 116736K, used 91935K [0x00000000d1000000, 0x0000000100000000)
  region size 1024K, 56 young (57344K), 0 survivors (0K)
 Metaspace       used 84460K, committed 85568K, reserved 1130496K
  class space    used 9864K, committed 10432K, reserved 1048576K
}
Event: 1230.371 GC heap after
{Heap after GC invocations=143 (full 12):
 garbage-first heap   total 116736K, used 39877K [0x00000000d1000000, 0x0000000100000000)
  region size 1024K, 6 young (6144K), 6 survivors (6144K)
 Metaspace       used 84460K, committed 85568K, reserved 1130496K
  class space    used 9864K, committed 10432K, reserved 1048576K
}
Event: 1231.151 GC heap before
{Heap before GC invocations=143 (full 12):
 garbage-first heap   total 116736K, used 91077K [0x00000000d1000000, 0x0000000100000000)
  region size 1024K, 56 young (57344K), 6 survivors (6144K)
 Metaspace       used 84814K, committed 86016K, reserved 1130496K
  class space    used 9881K, committed 10496K, reserved 1048576K
}
Event: 1231.175 GC heap after
{Heap after GC invocations=144 (full 12):
 garbage-first heap   total 116736K, used 41989K [0x00000000d1000000, 0x0000000100000000)
  region size 1024K, 3 young (3072K), 3 survivors (3072K)
 Metaspace       used 84814K, committed 86016K, reserved 1130496K
  class space    used 9881K, committed 10496K, reserved 1048576K
}
Event: 1236.756 GC heap before
{Heap before GC invocations=144 (full 12):
 garbage-first heap   total 116736K, used 92165K [0x00000000d1000000, 0x0000000100000000)
  region size 1024K, 52 young (53248K), 3 survivors (3072K)
 Metaspace       used 85121K, committed 86272K, reserved 1130496K
  class space    used 9898K, committed 10496K, reserved 1048576K
}
Event: 1236.761 GC heap after
{Heap after GC invocations=145 (full 12):
 garbage-first heap   total 116736K, used 42740K [0x00000000d1000000, 0x0000000100000000)
  region size 1024K, 4 young (4096K), 4 survivors (4096K)
 Metaspace       used 85121K, committed 86272K, reserved 1130496K
  class space    used 9898K, committed 10496K, reserved 1048576K
}
Event: 1236.824 GC heap before
{Heap before GC invocations=145 (full 12):
 garbage-first heap   total 116736K, used 42740K [0x00000000d1000000, 0x0000000100000000)
  region size 1024K, 5 young (5120K), 4 survivors (4096K)
 Metaspace       used 85121K, committed 86272K, reserved 1130496K
  class space    used 9898K, committed 10496K, reserved 1048576K
}
Event: 1236.941 GC heap after
{Heap after GC invocations=146 (full 13):
 garbage-first heap   total 116736K, used 35260K [0x00000000d1000000, 0x0000000100000000)
  region size 1024K, 0 young (0K), 0 survivors (0K)
 Metaspace       used 85118K, committed 86272K, reserved 1130496K
  class space    used 9898K, committed 10496K, reserved 1048576K
}
Event: 1239.145 GC heap before
{Heap before GC invocations=146 (full 13):
 garbage-first heap   total 116736K, used 91580K [0x00000000d1000000, 0x0000000100000000)
  region size 1024K, 56 young (57344K), 0 survivors (0K)
 Metaspace       used 85488K, committed 86592K, reserved 1130496K
  class space    used 9938K, committed 10496K, reserved 1048576K
}

