# JRE version: OpenJDK Runtime Environment Temurin-17.0.4.1+1 (17.0.4.1+1) (build 17.0.4.1+1)
# Java VM: OpenJDK 64-Bit Server VM Temurin-17.0.4.1+1 (17.0.4.1+1, mixed mode, emulated-client, tiered, compressed oops, compressed class ptrs, g1 gc, windows-amd64)
GC Precious Log:
 CPUs: 4 total, 4 available
 Memory: 3005M
 Large Page Support: Disabled
 NUMA Support: Disabled
 Compressed Oops: Enabled (32-bit)
 Heap Region Size: 1M
 Heap Min Capacity: 8M
 Heap Initial Capacity: 48M
 Heap Max Capacity: 752M
 Pre-touch: Disabled
 Parallel Workers: 4
 Concurrent Workers: 1
 Concurrent Refinement Workers: 4
 Periodic GC: Disabled
Heap:
 garbage-first heap   total 250880K, used 165241K [0x00000000d1000000, 0x0000000100000000)
  region size 1024K, 50 young (51200K), 9 survivors (9216K)
 Metaspace       used 44022K, committed 44352K, reserved 1089536K
  class space    used 5493K, committed 5632K, reserved 1048576K
GC Heap History (20 events):
Event: 10.765 GC heap before
{Heap before GC invocations=30 (full 0):
 garbage-first heap   total 245760K, used 186529K [0x00000000d1000000, 0x0000000100000000)
  region size 1024K, 116 young (118784K), 9 survivors (9216K)
 Metaspace       used 39714K, committed 40128K, reserved 1089536K
  class space    used 5052K, committed 5248K, reserved 1048576K
}
Event: 10.786 GC heap after
{Heap after GC invocations=31 (full 0):
 garbage-first heap   total 245760K, used 83385K [0x00000000d1000000, 0x0000000100000000)
  region size 1024K, 10 young (10240K), 10 survivors (10240K)
 Metaspace       used 39714K, committed 40128K, reserved 1089536K
  class space    used 5052K, committed 5248K, reserved 1048576K
}
Event: 11.233 GC heap before
{Heap before GC invocations=31 (full 0):
 garbage-first heap   total 245760K, used 192953K [0x00000000d1000000, 0x0000000100000000)
  region size 1024K, 117 young (119808K), 10 survivors (10240K)
 Metaspace       used 39715K, committed 40128K, reserved 1089536K
  class space    used 5053K, committed 5248K, reserved 1048576K
}
Event: 11.244 GC heap after
{Heap after GC invocations=32 (full 0):
 garbage-first heap   total 245760K, used 90575K [0x00000000d1000000, 0x0000000100000000)
  region size 1024K, 12 young (12288K), 12 survivors (12288K)
 Metaspace       used 39715K, committed 40128K, reserved 1089536K
  class space    used 5053K, committed 5248K, reserved 1048576K
}
Event: 11.570 GC heap before
{Heap before GC invocations=32 (full 0):
 garbage-first heap   total 245760K, used 195023K [0x00000000d1000000, 0x0000000100000000)
  region size 1024K, 115 young (117760K), 12 survivors (12288K)
 Metaspace       used 39745K, committed 40128K, reserved 1089536K
  class space    used 5063K, committed 5248K, reserved 1048576K
}
Event: 11.581 GC heap after
{Heap after GC invocations=33 (full 0):
 garbage-first heap   total 245760K, used 97522K [0x00000000d1000000, 0x0000000100000000)
  region size 1024K, 13 young (13312K), 13 survivors (13312K)
 Metaspace       used 39745K, committed 40128K, reserved 1089536K
  class space    used 5063K, committed 5248K, reserved 1048576K
}
Event: 11.941 GC heap before
{Heap before GC invocations=33 (full 0):
 garbage-first heap   total 245760K, used 197874K [0x00000000d1000000, 0x0000000100000000)
  region size 1024K, 112 young (114688K), 13 survivors (13312K)
 Metaspace       used 40759K, committed 41152K, reserved 1089536K
  class space    used 5120K, committed 5312K, reserved 1048576K
}
Event: 11.951 GC heap after
{Heap after GC invocations=34 (full 0):
 garbage-first heap   total 245760K, used 101839K [0x00000000d1000000, 0x0000000100000000)
  region size 1024K, 12 young (12288K), 12 survivors (12288K)
 Metaspace       used 40759K, committed 41152K, reserved 1089536K
  class space    used 5120K, committed 5312K, reserved 1048576K
}
Event: 12.302 GC heap before
{Heap before GC invocations=34 (full 0):
 garbage-first heap   total 245760K, used 199119K [0x00000000d1000000, 0x0000000100000000)
  region size 1024K, 108 young (110592K), 12 survivors (12288K)
 Metaspace       used 41588K, committed 41984K, reserved 1089536K
  class space    used 5190K, committed 5376K, reserved 1048576K
}
Event: 12.314 GC heap after
{Heap after GC invocations=35 (full 0):
 garbage-first heap   total 245760K, used 106629K [0x00000000d1000000, 0x0000000100000000)
  region size 1024K, 10 young (10240K), 10 survivors (10240K)
 Metaspace       used 41588K, committed 41984K, reserved 1089536K
  class space    used 5190K, committed 5376K, reserved 1048576K
}
Event: 12.844 GC heap before
{Heap before GC invocations=35 (full 0):
 garbage-first heap   total 245760K, used 201861K [0x00000000d1000000, 0x0000000100000000)
  region size 1024K, 104 young (106496K), 10 survivors (10240K)
 Metaspace       used 42247K, committed 42624K, reserved 1089536K
  class space    used 5257K, committed 5440K, reserved 1048576K
}
Event: 12.857 GC heap after
{Heap after GC invocations=36 (full 0):
 garbage-first heap   total 245760K, used 109553K [0x00000000d1000000, 0x0000000100000000)
  region size 1024K, 8 young (8192K), 8 survivors (8192K)
 Metaspace       used 42247K, committed 42624K, reserved 1089536K
  class space    used 5257K, committed 5440K, reserved 1048576K
}
Event: 13.174 GC heap before
{Heap before GC invocations=36 (full 0):
 garbage-first heap   total 245760K, used 203761K [0x00000000d1000000, 0x0000000100000000)
  region size 1024K, 101 young (103424K), 8 survivors (8192K)
 Metaspace       used 42765K, committed 43136K, reserved 1089536K
  class space    used 5324K, committed 5504K, reserved 1048576K
}
Event: 13.185 GC heap after
{Heap after GC invocations=37 (full 0):
 garbage-first heap   total 245760K, used 113030K [0x00000000d1000000, 0x0000000100000000)
  region size 1024K, 7 young (7168K), 7 survivors (7168K)
 Metaspace       used 42765K, committed 43136K, reserved 1089536K
  class space    used 5324K, committed 5504K, reserved 1048576K
}
Event: 13.394 GC heap before
{Heap before GC invocations=37 (full 0):
 garbage-first heap   total 245760K, used 206214K [0x00000000d1000000, 0x0000000100000000)
  region size 1024K, 99 young (101376K), 7 survivors (7168K)
 Metaspace       used 42971K, committed 43328K, reserved 1089536K
  class space    used 5356K, committed 5504K, reserved 1048576K
}
Event: 13.403 GC heap after
{Heap after GC invocations=38 (full 0):
 garbage-first heap   total 245760K, used 117123K [0x00000000d1000000, 0x0000000100000000)
  region size 1024K, 11 young (11264K), 11 survivors (11264K)
 Metaspace       used 42971K, committed 43328K, reserved 1089536K
  class space    used 5356K, committed 5504K, reserved 1048576K
}
Event: 13.619 GC heap before
{Heap before GC invocations=38 (full 0):
 garbage-first heap   total 245760K, used 207235K [0x00000000d1000000, 0x0000000100000000)
  region size 1024K, 100 young (102400K), 11 survivors (11264K)
 Metaspace       used 43522K, committed 43904K, reserved 1089536K
  class space    used 5428K, committed 5632K, reserved 1048576K
}
Event: 13.632 GC heap after
{Heap after GC invocations=39 (full 0):
 garbage-first heap   total 245760K, used 120527K [0x00000000d1000000, 0x0000000100000000)
  region size 1024K, 8 young (8192K), 8 survivors (8192K)
 Metaspace       used 43522K, committed 43904K, reserved 1089536K
  class space    used 5428K, committed 5632K, reserved 1048576K
}
Event: 13.867 GC heap before
{Heap before GC invocations=39 (full 0):
 garbage-first heap   total 245760K, used 206543K [0x00000000d1000000, 0x0000000100000000)
  region size 1024K, 94 young (96256K), 8 survivors (8192K)
 Metaspace       used 43734K, committed 44160K, reserved 1089536K
  class space    used 5461K, committed 5632K, reserved 1048576K
}
Event: 13.880 GC heap after
{Heap after GC invocations=40 (full 0):
 garbage-first heap   total 245760K, used 125305K [0x00000000d1000000, 0x0000000100000000)
  region size 1024K, 9 young (9216K), 9 survivors (9216K)
 Metaspace       used 43734K, committed 44160K, reserved 1089536K
  class space    used 5461K, committed 5632K, reserved 1048576K
}

