# JRE version: OpenJDK Runtime Environment Temurin-17.0.4.1+1 (17.0.4.1+1) (build 17.0.4.1+1)
# Java VM: OpenJDK 64-Bit Server VM Temurin-17.0.4.1+1 (17.0.4.1+1, mixed mode, emulated-client, tiered, compressed oops, compressed class ptrs, g1 gc, windows-amd64)
GC Precious Log:
 CPUs: 4 total, 4 available
 Memory: 3005M
 Large Page Support: Disabled
 NUMA Support: Disabled
 Compressed Oops: Enabled (32-bit)
 Heap Region Size: 1M
 Heap Min Capacity: 8M
 Heap Initial Capacity: 48M
 Heap Max Capacity: 752M
 Pre-touch: Disabled
 Parallel Workers: 4
 Concurrent Workers: 1
 Concurrent Refinement Workers: 4
 Periodic GC: Disabled
Heap:
 garbage-first heap   total 116736K, used 36932K [0x00000000d1000000, 0x0000000100000000)
  region size 1024K, 1 young (1024K), 0 survivors (0K)
 Metaspace       used 54411K, committed 54912K, reserved 1097728K
  class space    used 7197K, committed 7424K, reserved 1048576K
GC Heap History (20 events):
Event: 1197.760 GC heap before
{Heap before GC invocations=137 (full 36):
 garbage-first heap   total 116736K, used 40112K [0x00000000d1000000, 0x0000000100000000)
  region size 1024K, 4 young (4096K), 0 survivors (0K)
 Metaspace       used 53740K, committed 54144K, reserved 1097728K
  class space    used 7090K, committed 7296K, reserved 1048576K
}
Event: 1199.368 GC heap after
{Heap after GC invocations=138 (full 37):
 garbage-first heap   total 116736K, used 36189K [0x00000000d1000000, 0x0000000100000000)
  region size 1024K, 0 young (0K), 0 survivors (0K)
 Metaspace       used 53737K, committed 54144K, reserved 1097728K
  class space    used 7090K, committed 7296K, reserved 1048576K
}
Event: 1210.316 GC heap before
{Heap before GC invocations=138 (full 37):
 garbage-first heap   total 116736K, used 36189K [0x00000000d1000000, 0x0000000100000000)
  region size 1024K, 1 young (1024K), 0 survivors (0K)
 Metaspace       used 53737K, committed 54144K, reserved 1097728K
  class space    used 7090K, committed 7296K, reserved 1048576K
}
Event: 1210.400 GC heap after
{Heap after GC invocations=139 (full 38):
 garbage-first heap   total 116736K, used 36189K [0x00000000d1000000, 0x0000000100000000)
  region size 1024K, 0 young (0K), 0 survivors (0K)
 Metaspace       used 53737K, committed 54144K, reserved 1097728K
  class space    used 7090K, committed 7296K, reserved 1048576K
}
Event: 1221.167 GC heap before
{Heap before GC invocations=139 (full 38):
 garbage-first heap   total 116736K, used 36189K [0x00000000d1000000, 0x0000000100000000)
  region size 1024K, 1 young (1024K), 0 survivors (0K)
 Metaspace       used 53737K, committed 54144K, reserved 1097728K
  class space    used 7090K, committed 7296K, reserved 1048576K
}
Event: 1221.250 GC heap after
{Heap after GC invocations=140 (full 39):
 garbage-first heap   total 116736K, used 36189K [0x00000000d1000000, 0x0000000100000000)
  region size 1024K, 0 young (0K), 0 survivors (0K)
 Metaspace       used 53737K, committed 54144K, reserved 1097728K
  class space    used 7090K, committed 7296K, reserved 1048576K
}
Event: 1261.782 GC heap before
{Heap before GC invocations=140 (full 39):
 garbage-first heap   total 116736K, used 42333K [0x00000000d1000000, 0x0000000100000000)
  region size 1024K, 7 young (7168K), 0 survivors (0K)
 Metaspace       used 53749K, committed 54208K, reserved 1097728K
  class space    used 7093K, committed 7296K, reserved 1048576K
}
Event: 1262.443 GC heap after
{Heap after GC invocations=141 (full 40):
 garbage-first heap   total 116736K, used 36211K [0x00000000d1000000, 0x0000000100000000)
  region size 1024K, 0 young (0K), 0 survivors (0K)
 Metaspace       used 53749K, committed 54208K, reserved 1097728K
  class space    used 7093K, committed 7296K, reserved 1048576K
}
Event: 1272.744 GC heap before
{Heap before GC invocations=141 (full 40):
 garbage-first heap   total 116736K, used 36211K [0x00000000d1000000, 0x0000000100000000)
  region size 1024K, 1 young (1024K), 0 survivors (0K)
 Metaspace       used 53749K, committed 54208K, reserved 1097728K
  class space    used 7093K, committed 7296K, reserved 1048576K
}
Event: 1272.816 GC heap after
{Heap after GC invocations=142 (full 41):
 garbage-first heap   total 116736K, used 36211K [0x00000000d1000000, 0x0000000100000000)
  region size 1024K, 0 young (0K), 0 survivors (0K)
 Metaspace       used 53749K, committed 54208K, reserved 1097728K
  class space    used 7093K, committed 7296K, reserved 1048576K
}
Event: 1284.201 GC heap before
{Heap before GC invocations=142 (full 41):
 garbage-first heap   total 116736K, used 36211K [0x00000000d1000000, 0x0000000100000000)
  region size 1024K, 1 young (1024K), 0 survivors (0K)
 Metaspace       used 53749K, committed 54208K, reserved 1097728K
  class space    used 7093K, committed 7296K, reserved 1048576K
}
Event: 1284.280 GC heap after
{Heap after GC invocations=143 (full 42):
 garbage-first heap   total 116736K, used 36208K [0x00000000d1000000, 0x0000000100000000)
  region size 1024K, 0 young (0K), 0 survivors (0K)
 Metaspace       used 53749K, committed 54208K, reserved 1097728K
  class space    used 7093K, committed 7296K, reserved 1048576K
}
Event: 1294.598 GC heap before
{Heap before GC invocations=143 (full 42):
 garbage-first heap   total 116736K, used 36208K [0x00000000d1000000, 0x0000000100000000)
  region size 1024K, 1 young (1024K), 0 survivors (0K)
 Metaspace       used 53749K, committed 54208K, reserved 1097728K
  class space    used 7093K, committed 7296K, reserved 1048576K
}
Event: 1294.671 GC heap after
{Heap after GC invocations=144 (full 43):
 garbage-first heap   total 116736K, used 36208K [0x00000000d1000000, 0x0000000100000000)
  region size 1024K, 0 young (0K), 0 survivors (0K)
 Metaspace       used 53749K, committed 54208K, reserved 1097728K
  class space    used 7093K, committed 7296K, reserved 1048576K
}
Event: 1307.722 GC heap before
{Heap before GC invocations=144 (full 43):
 garbage-first heap   total 116736K, used 64880K [0x00000000d1000000, 0x0000000100000000)
  region size 1024K, 23 young (23552K), 0 survivors (0K)
 Metaspace       used 54431K, committed 54912K, reserved 1097728K
  class space    used 7201K, committed 7424K, reserved 1048576K
}
Event: 1307.753 GC heap after
{Heap after GC invocations=145 (full 43):
 garbage-first heap   total 116736K, used 39639K [0x00000000d1000000, 0x0000000100000000)
  region size 1024K, 2 young (2048K), 2 survivors (2048K)
 Metaspace       used 54431K, committed 54912K, reserved 1097728K
  class space    used 7201K, committed 7424K, reserved 1048576K
}
Event: 1345.037 GC heap before
{Heap before GC invocations=145 (full 43):
 garbage-first heap   total 116736K, used 50903K [0x00000000d1000000, 0x0000000100000000)
  region size 1024K, 13 young (13312K), 2 survivors (2048K)
 Metaspace       used 54431K, committed 54912K, reserved 1097728K
  class space    used 7201K, committed 7424K, reserved 1048576K
}
Event: 1345.609 GC heap after
{Heap after GC invocations=146 (full 44):
 garbage-first heap   total 116736K, used 36924K [0x00000000d1000000, 0x0000000100000000)
  region size 1024K, 0 young (0K), 0 survivors (0K)
 Metaspace       used 54411K, committed 54912K, reserved 1097728K
  class space    used 7197K, committed 7424K, reserved 1048576K
}
Event: 1357.966 GC heap before
{Heap before GC invocations=146 (full 44):
 garbage-first heap   total 116736K, used 36924K [0x00000000d1000000, 0x0000000100000000)
  region size 1024K, 1 young (1024K), 0 survivors (0K)
 Metaspace       used 54411K, committed 54912K, reserved 1097728K
  class space    used 7197K, committed 7424K, reserved 1048576K
}
Event: 1358.302 GC heap after
{Heap after GC invocations=147 (full 45):
 garbage-first heap   total 116736K, used 36932K [0x00000000d1000000, 0x0000000100000000)
  region size 1024K, 0 young (0K), 0 survivors (0K)
 Metaspace       used 54411K, committed 54912K, reserved 1097728K
  class space    used 7197K, committed 7424K, reserved 1048576K
}

