# JRE version: OpenJDK Runtime Environment Temurin-17.0.4.1+1 (17.0.4.1+1) (build 17.0.4.1+1)
# Java VM: OpenJDK 64-Bit Server VM Temurin-17.0.4.1+1 (17.0.4.1+1, mixed mode, emulated-client, tiered, compressed oops, compressed class ptrs, g1 gc, windows-amd64)
GC Precious Log:
 CPUs: 4 total, 4 available
 Memory: 3005M
 Large Page Support: Disabled
 NUMA Support: Disabled
 Compressed Oops: Enabled (32-bit)
 Heap Region Size: 1M
 Heap Min Capacity: 8M
 Heap Initial Capacity: 48M
 Heap Max Capacity: 752M
 Pre-touch: Disabled
 Parallel Workers: 4
 Concurrent Workers: 1
 Concurrent Refinement Workers: 4
 Periodic GC: Disabled
Heap:
 garbage-first heap   total 273408K, used 200122K [0x00000000d1000000, 0x0000000100000000)
  region size 1024K, 39 young (39936K), 7 survivors (7168K)
 Metaspace       used 46834K, committed 47232K, reserved 1097728K
  class space    used 5780K, committed 5952K, reserved 1048576K
GC Heap History (20 events):
Event: 16.365 GC heap before
{Heap before GC invocations=46 (full 0):
 garbage-first heap   total 256000K, used 215675K [0x00000000d1000000, 0x0000000100000000)
  region size 1024K, 98 young (100352K), 13 survivors (13312K)
 Metaspace       used 43235K, committed 43584K, reserved 1089536K
  class space    used 5403K, committed 5568K, reserved 1048576K
}
Event: 16.374 GC heap after
{Heap after GC invocations=47 (full 0):
 garbage-first heap   total 256000K, used 136235K [0x00000000d1000000, 0x0000000100000000)
  region size 1024K, 7 young (7168K), 7 survivors (7168K)
 Metaspace       used 43235K, committed 43584K, reserved 1089536K
  class space    used 5403K, committed 5568K, reserved 1048576K
}
Event: 16.456 GC heap before
{Heap before GC invocations=47 (full 0):
 garbage-first heap   total 256000K, used 215083K [0x00000000d1000000, 0x0000000100000000)
  region size 1024K, 85 young (87040K), 7 survivors (7168K)
 Metaspace       used 43528K, committed 43904K, reserved 1089536K
  class space    used 5434K, committed 5632K, reserved 1048576K
}
Event: 16.464 GC heap after
{Heap after GC invocations=48 (full 0):
 garbage-first heap   total 256000K, used 140919K [0x00000000d1000000, 0x0000000100000000)
  region size 1024K, 5 young (5120K), 5 survivors (5120K)
 Metaspace       used 43528K, committed 43904K, reserved 1089536K
  class space    used 5434K, committed 5632K, reserved 1048576K
}
Event: 17.101 GC heap before
{Heap before GC invocations=49 (full 0):
 garbage-first heap   total 273408K, used 214647K [0x00000000d1000000, 0x0000000100000000)
  region size 1024K, 78 young (79872K), 5 survivors (5120K)
 Metaspace       used 44265K, committed 44608K, reserved 1089536K
  class space    used 5515K, committed 5696K, reserved 1048576K
}
Event: 17.109 GC heap after
{Heap after GC invocations=50 (full 0):
 garbage-first heap   total 273408K, used 145005K [0x00000000d1000000, 0x0000000100000000)
  region size 1024K, 9 young (9216K), 9 survivors (9216K)
 Metaspace       used 44265K, committed 44608K, reserved 1089536K
  class space    used 5515K, committed 5696K, reserved 1048576K
}
Event: 17.122 GC heap before
{Heap before GC invocations=50 (full 0):
 garbage-first heap   total 273408K, used 148077K [0x00000000d1000000, 0x0000000100000000)
  region size 1024K, 13 young (13312K), 9 survivors (9216K)
 Metaspace       used 44265K, committed 44608K, reserved 1089536K
  class space    used 5515K, committed 5696K, reserved 1048576K
}
Event: 17.132 GC heap after
{Heap after GC invocations=51 (full 0):
 garbage-first heap   total 273408K, used 143999K [0x00000000d1000000, 0x0000000100000000)
  region size 1024K, 1 young (1024K), 1 survivors (1024K)
 Metaspace       used 44265K, committed 44608K, reserved 1089536K
  class space    used 5515K, committed 5696K, reserved 1048576K
}
Event: 17.374 GC heap before
{Heap before GC invocations=51 (full 0):
 garbage-first heap   total 273408K, used 231039K [0x00000000d1000000, 0x0000000100000000)
  region size 1024K, 87 young (89088K), 1 survivors (1024K)
 Metaspace       used 44959K, committed 45312K, reserved 1089536K
  class space    used 5569K, committed 5760K, reserved 1048576K
}
Event: 17.381 GC heap after
{Heap after GC invocations=52 (full 0):
 garbage-first heap   total 273408K, used 148095K [0x00000000d1000000, 0x0000000100000000)
  region size 1024K, 5 young (5120K), 5 survivors (5120K)
 Metaspace       used 44959K, committed 45312K, reserved 1089536K
  class space    used 5569K, committed 5760K, reserved 1048576K
}
Event: 18.065 GC heap before
{Heap before GC invocations=52 (full 0):
 garbage-first heap   total 273408K, used 232063K [0x00000000d1000000, 0x0000000100000000)
  region size 1024K, 87 young (89088K), 5 survivors (5120K)
 Metaspace       used 46373K, committed 46784K, reserved 1097728K
  class space    used 5716K, committed 5888K, reserved 1048576K
}
Event: 18.075 GC heap after
{Heap after GC invocations=53 (full 0):
 garbage-first heap   total 273408K, used 153812K [0x00000000d1000000, 0x0000000100000000)
  region size 1024K, 10 young (10240K), 10 survivors (10240K)
 Metaspace       used 46373K, committed 46784K, reserved 1097728K
  class space    used 5716K, committed 5888K, reserved 1048576K
}
Event: 18.498 GC heap before
{Heap before GC invocations=53 (full 0):
 garbage-first heap   total 273408K, used 231636K [0x00000000d1000000, 0x0000000100000000)
  region size 1024K, 87 young (89088K), 10 survivors (10240K)
 Metaspace       used 46486K, committed 46848K, reserved 1097728K
  class space    used 5733K, committed 5888K, reserved 1048576K
}
Event: 18.516 GC heap after
{Heap after GC invocations=54 (full 0):
 garbage-first heap   total 273408K, used 158210K [0x00000000d1000000, 0x0000000100000000)
  region size 1024K, 9 young (9216K), 9 survivors (9216K)
 Metaspace       used 46486K, committed 46848K, reserved 1097728K
  class space    used 5733K, committed 5888K, reserved 1048576K
}
Event: 18.876 GC heap before
{Heap before GC invocations=54 (full 0):
 garbage-first heap   total 273408K, used 237058K [0x00000000d1000000, 0x0000000100000000)
  region size 1024K, 83 young (84992K), 9 survivors (9216K)
 Metaspace       used 46666K, committed 47104K, reserved 1097728K
  class space    used 5753K, committed 5952K, reserved 1048576K
}
Event: 18.894 GC heap after
{Heap after GC invocations=55 (full 0):
 garbage-first heap   total 273408K, used 164027K [0x00000000d1000000, 0x0000000100000000)
  region size 1024K, 10 young (10240K), 10 survivors (10240K)
 Metaspace       used 46666K, committed 47104K, reserved 1097728K
  class space    used 5753K, committed 5952K, reserved 1048576K
}
Event: 19.167 GC heap before
{Heap before GC invocations=55 (full 0):
 garbage-first heap   total 273408K, used 231611K [0x00000000d1000000, 0x0000000100000000)
  region size 1024K, 77 young (78848K), 10 survivors (10240K)
 Metaspace       used 46834K, committed 47232K, reserved 1097728K
  class space    used 5780K, committed 5952K, reserved 1048576K
}
Event: 19.178 GC heap after
{Heap after GC invocations=56 (full 0):
 garbage-first heap   total 273408K, used 166835K [0x00000000d1000000, 0x0000000100000000)
  region size 1024K, 5 young (5120K), 5 survivors (5120K)
 Metaspace       used 46834K, committed 47232K, reserved 1097728K
  class space    used 5780K, committed 5952K, reserved 1048576K
}
Event: 19.875 GC heap before
{Heap before GC invocations=56 (full 0):
 garbage-first heap   total 273408K, used 232371K [0x00000000d1000000, 0x0000000100000000)
  region size 1024K, 70 young (71680K), 5 survivors (5120K)
 Metaspace       used 46834K, committed 47232K, reserved 1097728K
  class space    used 5780K, committed 5952K, reserved 1048576K
}
Event: 19.882 GC heap after
{Heap after GC invocations=57 (full 0):
 garbage-first heap   total 273408K, used 169402K [0x00000000d1000000, 0x0000000100000000)
  region size 1024K, 7 young (7168K), 7 survivors (7168K)
 Metaspace       used 46834K, committed 47232K, reserved 1097728K
  class space    used 5780K, committed 5952K, reserved 1048576K
}

