# JRE version: OpenJDK Runtime Environment Temurin-17.0.4.1+1 (17.0.4.1+1) (build 17.0.4.1+1)
# Java VM: OpenJDK 64-Bit Server VM Temurin-17.0.4.1+1 (17.0.4.1+1, mixed mode, emulated-client, tiered, compressed oops, compressed class ptrs, g1 gc, windows-amd64)
GC Precious Log:
 CPUs: 4 total, 4 available
 Memory: 3005M
 Large Page Support: Disabled
 NUMA Support: Disabled
 Compressed Oops: Enabled (32-bit)
 Heap Region Size: 1M
 Heap Min Capacity: 8M
 Heap Initial Capacity: 48M
 Heap Max Capacity: 752M
 Pre-touch: Disabled
 Parallel Workers: 4
 Concurrent Workers: 1
 Concurrent Refinement Workers: 4
 Periodic GC: Disabled
Heap:
 garbage-first heap   total 112640K, used 38279K [0x00000000d1000000, 0x0000000100000000)
  region size 1024K, 1 young (1024K), 0 survivors (0K)
 Metaspace       used 54507K, committed 54976K, reserved 1097728K
  class space    used 7215K, committed 7424K, reserved 1048576K
GC Heap History (20 events):
Event: 2340.314 GC heap before
{Heap before GC invocations=245 (full 139):
 garbage-first heap   total 112640K, used 38279K [0x00000000d1000000, 0x0000000100000000)
  region size 1024K, 1 young (1024K), 0 survivors (0K)
 Metaspace       used 54507K, committed 54976K, reserved 1097728K
  class space    used 7215K, committed 7424K, reserved 1048576K
}
Event: 2340.378 GC heap after
{Heap after GC invocations=246 (full 140):
 garbage-first heap   total 112640K, used 38279K [0x00000000d1000000, 0x0000000100000000)
  region size 1024K, 0 young (0K), 0 survivors (0K)
 Metaspace       used 54507K, committed 54976K, reserved 1097728K
  class space    used 7215K, committed 7424K, reserved 1048576K
}
Event: 2350.680 GC heap before
{Heap before GC invocations=246 (full 140):
 garbage-first heap   total 112640K, used 38279K [0x00000000d1000000, 0x0000000100000000)
  region size 1024K, 1 young (1024K), 0 survivors (0K)
 Metaspace       used 54507K, committed 54976K, reserved 1097728K
  class space    used 7215K, committed 7424K, reserved 1048576K
}
Event: 2350.746 GC heap after
{Heap after GC invocations=247 (full 141):
 garbage-first heap   total 112640K, used 38279K [0x00000000d1000000, 0x0000000100000000)
  region size 1024K, 0 young (0K), 0 survivors (0K)
 Metaspace       used 54507K, committed 54976K, reserved 1097728K
  class space    used 7215K, committed 7424K, reserved 1048576K
}
Event: 2361.094 GC heap before
{Heap before GC invocations=247 (full 141):
 garbage-first heap   total 112640K, used 38279K [0x00000000d1000000, 0x0000000100000000)
  region size 1024K, 1 young (1024K), 0 survivors (0K)
 Metaspace       used 54507K, committed 54976K, reserved 1097728K
  class space    used 7215K, committed 7424K, reserved 1048576K
}
Event: 2361.167 GC heap after
{Heap after GC invocations=248 (full 142):
 garbage-first heap   total 112640K, used 38279K [0x00000000d1000000, 0x0000000100000000)
  region size 1024K, 0 young (0K), 0 survivors (0K)
 Metaspace       used 54507K, committed 54976K, reserved 1097728K
  class space    used 7215K, committed 7424K, reserved 1048576K
}
Event: 2371.713 GC heap before
{Heap before GC invocations=248 (full 142):
 garbage-first heap   total 112640K, used 38279K [0x00000000d1000000, 0x0000000100000000)
  region size 1024K, 1 young (1024K), 0 survivors (0K)
 Metaspace       used 54507K, committed 54976K, reserved 1097728K
  class space    used 7215K, committed 7424K, reserved 1048576K
}
Event: 2371.787 GC heap after
{Heap after GC invocations=249 (full 143):
 garbage-first heap   total 112640K, used 38279K [0x00000000d1000000, 0x0000000100000000)
  region size 1024K, 0 young (0K), 0 survivors (0K)
 Metaspace       used 54507K, committed 54976K, reserved 1097728K
  class space    used 7215K, committed 7424K, reserved 1048576K
}
Event: 2382.108 GC heap before
{Heap before GC invocations=249 (full 143):
 garbage-first heap   total 112640K, used 38279K [0x00000000d1000000, 0x0000000100000000)
  region size 1024K, 1 young (1024K), 0 survivors (0K)
 Metaspace       used 54507K, committed 54976K, reserved 1097728K
  class space    used 7215K, committed 7424K, reserved 1048576K
}
Event: 2382.177 GC heap after
{Heap after GC invocations=250 (full 144):
 garbage-first heap   total 112640K, used 38279K [0x00000000d1000000, 0x0000000100000000)
  region size 1024K, 0 young (0K), 0 survivors (0K)
 Metaspace       used 54507K, committed 54976K, reserved 1097728K
  class space    used 7215K, committed 7424K, reserved 1048576K
}
Event: 2392.461 GC heap before
{Heap before GC invocations=250 (full 144):
 garbage-first heap   total 112640K, used 38279K [0x00000000d1000000, 0x0000000100000000)
  region size 1024K, 1 young (1024K), 0 survivors (0K)
 Metaspace       used 54507K, committed 54976K, reserved 1097728K
  class space    used 7215K, committed 7424K, reserved 1048576K
}
Event: 2392.524 GC heap after
{Heap after GC invocations=251 (full 145):
 garbage-first heap   total 112640K, used 38279K [0x00000000d1000000, 0x0000000100000000)
  region size 1024K, 0 young (0K), 0 survivors (0K)
 Metaspace       used 54507K, committed 54976K, reserved 1097728K
  class space    used 7215K, committed 7424K, reserved 1048576K
}
Event: 2402.941 GC heap before
{Heap before GC invocations=251 (full 145):
 garbage-first heap   total 112640K, used 38279K [0x00000000d1000000, 0x0000000100000000)
  region size 1024K, 1 young (1024K), 0 survivors (0K)
 Metaspace       used 54507K, committed 54976K, reserved 1097728K
  class space    used 7215K, committed 7424K, reserved 1048576K
}
Event: 2403.013 GC heap after
{Heap after GC invocations=252 (full 146):
 garbage-first heap   total 112640K, used 38279K [0x00000000d1000000, 0x0000000100000000)
  region size 1024K, 0 young (0K), 0 survivors (0K)
 Metaspace       used 54507K, committed 54976K, reserved 1097728K
  class space    used 7215K, committed 7424K, reserved 1048576K
}
Event: 2413.327 GC heap before
{Heap before GC invocations=252 (full 146):
 garbage-first heap   total 112640K, used 38279K [0x00000000d1000000, 0x0000000100000000)
  region size 1024K, 1 young (1024K), 0 survivors (0K)
 Metaspace       used 54507K, committed 54976K, reserved 1097728K
  class space    used 7215K, committed 7424K, reserved 1048576K
}
Event: 2413.399 GC heap after
{Heap after GC invocations=253 (full 147):
 garbage-first heap   total 112640K, used 38279K [0x00000000d1000000, 0x0000000100000000)
  region size 1024K, 0 young (0K), 0 survivors (0K)
 Metaspace       used 54507K, committed 54976K, reserved 1097728K
  class space    used 7215K, committed 7424K, reserved 1048576K
}
Event: 2424.031 GC heap before
{Heap before GC invocations=253 (full 147):
 garbage-first heap   total 112640K, used 38279K [0x00000000d1000000, 0x0000000100000000)
  region size 1024K, 1 young (1024K), 0 survivors (0K)
 Metaspace       used 54507K, committed 54976K, reserved 1097728K
  class space    used 7215K, committed 7424K, reserved 1048576K
}
Event: 2424.321 GC heap after
{Heap after GC invocations=254 (full 148):
 garbage-first heap   total 112640K, used 38279K [0x00000000d1000000, 0x0000000100000000)
  region size 1024K, 0 young (0K), 0 survivors (0K)
 Metaspace       used 54507K, committed 54976K, reserved 1097728K
  class space    used 7215K, committed 7424K, reserved 1048576K
}
Event: 2435.760 GC heap before
{Heap before GC invocations=254 (full 148):
 garbage-first heap   total 112640K, used 38279K [0x00000000d1000000, 0x0000000100000000)
  region size 1024K, 1 young (1024K), 0 survivors (0K)
 Metaspace       used 54507K, committed 54976K, reserved 1097728K
  class space    used 7215K, committed 7424K, reserved 1048576K
}
Event: 2436.031 GC heap after
{Heap after GC invocations=255 (full 149):
 garbage-first heap   total 112640K, used 38279K [0x00000000d1000000, 0x0000000100000000)
  region size 1024K, 0 young (0K), 0 survivors (0K)
 Metaspace       used 54507K, committed 54976K, reserved 1097728K
  class space    used 7215K, committed 7424K, reserved 1048576K
}

