# JRE version: OpenJDK Runtime Environment Temurin-17.0.3+7 (17.0.3+7) (build 17.0.3+7)
# Java VM: OpenJDK 64-Bit Server VM Temurin-17.0.3+7 (17.0.3+7, mixed mode, sharing, tiered, compressed oops, compressed class ptrs, parallel gc, windows-amd64)
GC Precious Log:
 CPUs: 4 total, 4 available
 Memory: 3005M
 Large Page Support: Disabled
 NUMA Support: Disabled
 Compressed Oops: Enabled (32-bit)
 Alignments: Space 512K, Generation 512K, Heap 2M
 Heap Min Capacity: 100M
 Heap Initial Capacity: 100M
 Heap Max Capacity: 1G
 Pre-touch: Disabled
 Parallel Workers: 4
Heap:
 PSYoungGen      total 7168K, used 3714K [0x00000000eab00000, 0x00000000eb900000, 0x0000000100000000)
  eden space 6144K, 50% used [0x00000000eab00000,0x00000000eae03850,0x00000000eb100000)
  from space 1024K, 61% used [0x00000000eb800000,0x00000000eb89d200,0x00000000eb900000)
  to   space 3072K, 0% used [0x00000000eb300000,0x00000000eb300000,0x00000000eb600000)
 ParOldGen       total 96256K, used 66002K [0x00000000c0000000, 0x00000000c5e00000, 0x00000000eab00000)
  object space 96256K, 68% used [0x00000000c0000000,0x00000000c40749f8,0x00000000c5e00000)
 Metaspace       used 64681K, committed 65984K, reserved 1114112K
  class space    used 6708K, committed 7296K, reserved 1048576K
GC Heap History (20 events):
Event: 654.797 GC heap before
{Heap before GC invocations=81 (full 4):
 PSYoungGen      total 9216K, used 7894K [0x00000000eab00000, 0x00000000eb880000, 0x0000000100000000)
  eden space 8704K, 88% used [0x00000000eab00000,0x00000000eb28d220,0x00000000eb380000)
  from space 512K, 31% used [0x00000000eb800000,0x00000000eb828640,0x00000000eb880000)
  to   space 512K, 0% used [0x00000000eb780000,0x00000000eb780000,0x00000000eb800000)
 ParOldGen       total 79360K, used 67869K [0x00000000c0000000, 0x00000000c4d80000, 0x00000000eab00000)
  object space 79360K, 85% used [0x00000000c0000000,0x00000000c4247738,0x00000000c4d80000)
 Metaspace       used 63257K, committed 64576K, reserved 1114112K
  class space    used 6548K, committed 7168K, reserved 1048576K
}
Event: 654.799 GC heap after
{Heap after GC invocations=81 (full 4):
 PSYoungGen      total 9216K, used 128K [0x00000000eab00000, 0x00000000eb880000, 0x0000000100000000)
  eden space 8704K, 0% used [0x00000000eab00000,0x00000000eab00000,0x00000000eb380000)
  from space 512K, 25% used [0x00000000eb780000,0x00000000eb7a0000,0x00000000eb800000)
  to   space 512K, 0% used [0x00000000eb800000,0x00000000eb800000,0x00000000eb880000)
 ParOldGen       total 79360K, used 67967K [0x00000000c0000000, 0x00000000c4d80000, 0x00000000eab00000)
  object space 79360K, 85% used [0x00000000c0000000,0x00000000c425fd78,0x00000000c4d80000)
 Metaspace       used 63257K, committed 64576K, reserved 1114112K
  class space    used 6548K, committed 7168K, reserved 1048576K
}
Event: 655.168 GC heap before
{Heap before GC invocations=82 (full 4):
 PSYoungGen      total 9216K, used 8832K [0x00000000eab00000, 0x00000000eb880000, 0x0000000100000000)
  eden space 8704K, 100% used [0x00000000eab00000,0x00000000eb380000,0x00000000eb380000)
  from space 512K, 25% used [0x00000000eb780000,0x00000000eb7a0000,0x00000000eb800000)
  to   space 512K, 0% used [0x00000000eb800000,0x00000000eb800000,0x00000000eb880000)
 ParOldGen       total 79360K, used 67967K [0x00000000c0000000, 0x00000000c4d80000, 0x00000000eab00000)
  object space 79360K, 85% used [0x00000000c0000000,0x00000000c425fd78,0x00000000c4d80000)
 Metaspace       used 64045K, committed 65344K, reserved 1114112K
  class space    used 6662K, committed 7296K, reserved 1048576K
}
Event: 655.172 GC heap after
{Heap after GC invocations=82 (full 4):
 PSYoungGen      total 9216K, used 499K [0x00000000eab00000, 0x00000000eb880000, 0x0000000100000000)
  eden space 8704K, 0% used [0x00000000eab00000,0x00000000eab00000,0x00000000eb380000)
  from space 512K, 97% used [0x00000000eb800000,0x00000000eb87ce58,0x00000000eb880000)
  to   space 1536K, 0% used [0x00000000eb580000,0x00000000eb580000,0x00000000eb700000)
 ParOldGen       total 79360K, used 68381K [0x00000000c0000000, 0x00000000c4d80000, 0x00000000eab00000)
  object space 79360K, 86% used [0x00000000c0000000,0x00000000c42c7480,0x00000000c4d80000)
 Metaspace       used 64045K, committed 65344K, reserved 1114112K
  class space    used 6662K, committed 7296K, reserved 1048576K
}
Event: 655.379 GC heap before
{Heap before GC invocations=83 (full 4):
 PSYoungGen      total 9216K, used 9195K [0x00000000eab00000, 0x00000000eb880000, 0x0000000100000000)
  eden space 8704K, 99% used [0x00000000eab00000,0x00000000eb37de58,0x00000000eb380000)
  from space 512K, 97% used [0x00000000eb800000,0x00000000eb87ce58,0x00000000eb880000)
  to   space 1536K, 0% used [0x00000000eb580000,0x00000000eb580000,0x00000000eb700000)
 ParOldGen       total 79360K, used 68381K [0x00000000c0000000, 0x00000000c4d80000, 0x00000000eab00000)
  object space 79360K, 86% used [0x00000000c0000000,0x00000000c42c7480,0x00000000c4d80000)
 Metaspace       used 64443K, committed 65792K, reserved 1114112K
  class space    used 6706K, committed 7296K, reserved 1048576K
}
Event: 655.386 GC heap after
{Heap after GC invocations=83 (full 4):
 PSYoungGen      total 10240K, used 1534K [0x00000000eab00000, 0x00000000ebf80000, 0x0000000100000000)
  eden space 8704K, 0% used [0x00000000eab00000,0x00000000eab00000,0x00000000eb380000)
  from space 1536K, 99% used [0x00000000eb580000,0x00000000eb6ff820,0x00000000eb700000)
  to   space 6144K, 0% used [0x00000000eb980000,0x00000000eb980000,0x00000000ebf80000)
 ParOldGen       total 79360K, used 71810K [0x00000000c0000000, 0x00000000c4d80000, 0x00000000eab00000)
  object space 79360K, 90% used [0x00000000c0000000,0x00000000c4620828,0x00000000c4d80000)
 Metaspace       used 64443K, committed 65792K, reserved 1114112K
  class space    used 6706K, committed 7296K, reserved 1048576K
}
Event: 657.261 GC heap before
{Heap before GC invocations=84 (full 4):
 PSYoungGen      total 10240K, used 10238K [0x00000000eab00000, 0x00000000ebf80000, 0x0000000100000000)
  eden space 8704K, 100% used [0x00000000eab00000,0x00000000eb380000,0x00000000eb380000)
  from space 1536K, 99% used [0x00000000eb580000,0x00000000eb6ff820,0x00000000eb700000)
  to   space 6144K, 0% used [0x00000000eb980000,0x00000000eb980000,0x00000000ebf80000)
 ParOldGen       total 79360K, used 71810K [0x00000000c0000000, 0x00000000c4d80000, 0x00000000eab00000)
  object space 79360K, 90% used [0x00000000c0000000,0x00000000c4620828,0x00000000c4d80000)
 Metaspace       used 64517K, committed 65856K, reserved 1114112K
  class space    used 6707K, committed 7296K, reserved 1048576K
}
Event: 657.264 GC heap after
{Heap after GC invocations=84 (full 4):
 PSYoungGen      total 10240K, used 1120K [0x00000000eab00000, 0x00000000ebb00000, 0x0000000100000000)
  eden space 8704K, 0% used [0x00000000eab00000,0x00000000eab00000,0x00000000eb380000)
  from space 1536K, 72% used [0x00000000eb980000,0x00000000eba98000,0x00000000ebb00000)
  to   space 2560K, 0% used [0x00000000eb600000,0x00000000eb600000,0x00000000eb880000)
 ParOldGen       total 79360K, used 71858K [0x00000000c0000000, 0x00000000c4d80000, 0x00000000eab00000)
  object space 79360K, 90% used [0x00000000c0000000,0x00000000c462c828,0x00000000c4d80000)
 Metaspace       used 64517K, committed 65856K, reserved 1114112K
  class space    used 6707K, committed 7296K, reserved 1048576K
}
Event: 658.594 GC heap before
{Heap before GC invocations=85 (full 4):
 PSYoungGen      total 10240K, used 9824K [0x00000000eab00000, 0x00000000ebb00000, 0x0000000100000000)
  eden space 8704K, 100% used [0x00000000eab00000,0x00000000eb380000,0x00000000eb380000)
  from space 1536K, 72% used [0x00000000eb980000,0x00000000eba98000,0x00000000ebb00000)
  to   space 2560K, 0% used [0x00000000eb600000,0x00000000eb600000,0x00000000eb880000)
 ParOldGen       total 79360K, used 71858K [0x00000000c0000000, 0x00000000c4d80000, 0x00000000eab00000)
  object space 79360K, 90% used [0x00000000c0000000,0x00000000c462c828,0x00000000c4d80000)
 Metaspace       used 64527K, committed 65856K, reserved 1114112K
  class space    used 6707K, committed 7296K, reserved 1048576K
}
Event: 658.598 GC heap after
{Heap after GC invocations=85 (full 4):
 PSYoungGen      total 11264K, used 2555K [0x00000000eab00000, 0x00000000ebd80000, 0x0000000100000000)
  eden space 8704K, 0% used [0x00000000eab00000,0x00000000eab00000,0x00000000eb380000)
  from space 2560K, 99% used [0x00000000eb600000,0x00000000eb87ef28,0x00000000eb880000)
  to   space 5120K, 0% used [0x00000000eb880000,0x00000000eb880000,0x00000000ebd80000)
 ParOldGen       total 79360K, used 73642K [0x00000000c0000000, 0x00000000c4d80000, 0x00000000eab00000)
  object space 79360K, 92% used [0x00000000c0000000,0x00000000c47ea8e0,0x00000000c4d80000)
 Metaspace       used 64527K, committed 65856K, reserved 1114112K
  class space    used 6707K, committed 7296K, reserved 1048576K
}
Event: 658.737 GC heap before
{Heap before GC invocations=86 (full 4):
 PSYoungGen      total 11264K, used 11259K [0x00000000eab00000, 0x00000000ebd80000, 0x0000000100000000)
  eden space 8704K, 100% used [0x00000000eab00000,0x00000000eb380000,0x00000000eb380000)
  from space 2560K, 99% used [0x00000000eb600000,0x00000000eb87ef28,0x00000000eb880000)
  to   space 5120K, 0% used [0x00000000eb880000,0x00000000eb880000,0x00000000ebd80000)
 ParOldGen       total 79360K, used 73642K [0x00000000c0000000, 0x00000000c4d80000, 0x00000000eab00000)
  object space 79360K, 92% used [0x00000000c0000000,0x00000000c47ea8e0,0x00000000c4d80000)
 Metaspace       used 64589K, committed 65920K, reserved 1114112K
  class space    used 6707K, committed 7296K, reserved 1048576K
}
Event: 658.739 GC heap after
{Heap after GC invocations=86 (full 4):
 PSYoungGen      total 9728K, used 532K [0x00000000eab00000, 0x00000000eb980000, 0x0000000100000000)
  eden space 8704K, 0% used [0x00000000eab00000,0x00000000eab00000,0x00000000eb380000)
  from space 1024K, 52% used [0x00000000eb880000,0x00000000eb905200,0x00000000eb980000)
  to   space 2048K, 0% used [0x00000000eb580000,0x00000000eb580000,0x00000000eb780000)
 ParOldGen       total 79360K, used 73746K [0x00000000c0000000, 0x00000000c4d80000, 0x00000000eab00000)
  object space 79360K, 92% used [0x00000000c0000000,0x00000000c48048e0,0x00000000c4d80000)
 Metaspace       used 64589K, committed 65920K, reserved 1114112K
  class space    used 6707K, committed 7296K, reserved 1048576K
}
Event: 658.940 GC heap before
{Heap before GC invocations=87 (full 4):
 PSYoungGen      total 9728K, used 9236K [0x00000000eab00000, 0x00000000eb980000, 0x0000000100000000)
  eden space 8704K, 100% used [0x00000000eab00000,0x00000000eb380000,0x00000000eb380000)
  from space 1024K, 52% used [0x00000000eb880000,0x00000000eb905200,0x00000000eb980000)
  to   space 2048K, 0% used [0x00000000eb580000,0x00000000eb580000,0x00000000eb780000)
 ParOldGen       total 79360K, used 73746K [0x00000000c0000000, 0x00000000c4d80000, 0x00000000eab00000)
  object space 79360K, 92% used [0x00000000c0000000,0x00000000c48048e0,0x00000000c4d80000)
 Metaspace       used 64618K, committed 65920K, reserved 1114112K
  class space    used 6708K, committed 7296K, reserved 1048576K
}
Event: 658.942 GC heap after
{Heap after GC invocations=87 (full 4):
 PSYoungGen      total 10752K, used 439K [0x00000000eab00000, 0x00000000eb900000, 0x0000000100000000)
  eden space 8704K, 0% used [0x00000000eab00000,0x00000000eab00000,0x00000000eb380000)
  from space 2048K, 21% used [0x00000000eb580000,0x00000000eb5eddc8,0x00000000eb780000)
  to   space 1024K, 0% used [0x00000000eb800000,0x00000000eb800000,0x00000000eb900000)
 ParOldGen       total 79360K, used 73924K [0x00000000c0000000, 0x00000000c4d80000, 0x00000000eab00000)
  object space 79360K, 93% used [0x00000000c0000000,0x00000000c48312d0,0x00000000c4d80000)
 Metaspace       used 64618K, committed 65920K, reserved 1114112K
  class space    used 6708K, committed 7296K, reserved 1048576K
}
Event: 659.014 GC heap before
{Heap before GC invocations=88 (full 4):
 PSYoungGen      total 10752K, used 9143K [0x00000000eab00000, 0x00000000eb900000, 0x0000000100000000)
  eden space 8704K, 100% used [0x00000000eab00000,0x00000000eb380000,0x00000000eb380000)
  from space 2048K, 21% used [0x00000000eb580000,0x00000000eb5eddc8,0x00000000eb780000)
  to   space 1024K, 0% used [0x00000000eb800000,0x00000000eb800000,0x00000000eb900000)
 ParOldGen       total 79360K, used 73924K [0x00000000c0000000, 0x00000000c4d80000, 0x00000000eab00000)
  object space 79360K, 93% used [0x00000000c0000000,0x00000000c48312d0,0x00000000c4d80000)
 Metaspace       used 64619K, committed 65920K, reserved 1114112K
  class space    used 6708K, committed 7296K, reserved 1048576K
}
Event: 659.021 GC heap after
{Heap after GC invocations=88 (full 4):
 PSYoungGen      total 7168K, used 1021K [0x00000000eab00000, 0x00000000ec180000, 0x0000000100000000)
  eden space 6144K, 0% used [0x00000000eab00000,0x00000000eab00000,0x00000000eb100000)
  from space 1024K, 99% used [0x00000000eb800000,0x00000000eb8ff5e0,0x00000000eb900000)
  to   space 7168K, 0% used [0x00000000eb100000,0x00000000eb100000,0x00000000eb800000)
 ParOldGen       total 79360K, used 79069K [0x00000000c0000000, 0x00000000c4d80000, 0x00000000eab00000)
  object space 79360K, 99% used [0x00000000c0000000,0x00000000c4d37608,0x00000000c4d80000)
 Metaspace       used 64619K, committed 65920K, reserved 1114112K
  class space    used 6708K, committed 7296K, reserved 1048576K
}
Event: 659.022 GC heap before
{Heap before GC invocations=89 (full 5):
 PSYoungGen      total 7168K, used 1021K [0x00000000eab00000, 0x00000000ec180000, 0x0000000100000000)
  eden space 6144K, 0% used [0x00000000eab00000,0x00000000eab00000,0x00000000eb100000)
  from space 1024K, 99% used [0x00000000eb800000,0x00000000eb8ff5e0,0x00000000eb900000)
  to   space 7168K, 0% used [0x00000000eb100000,0x00000000eb100000,0x00000000eb800000)
 ParOldGen       total 79360K, used 79069K [0x00000000c0000000, 0x00000000c4d80000, 0x00000000eab00000)
  object space 79360K, 99% used [0x00000000c0000000,0x00000000c4d37608,0x00000000c4d80000)
 Metaspace       used 64619K, committed 65920K, reserved 1114112K
  class space    used 6708K, committed 7296K, reserved 1048576K
}
Event: 659.237 GC heap after
{Heap after GC invocations=89 (full 5):
 PSYoungGen      total 13312K, used 0K [0x00000000eab00000, 0x00000000ebf00000, 0x0000000100000000)
  eden space 6144K, 0% used [0x00000000eab00000,0x00000000eab00000,0x00000000eb100000)
  from space 7168K, 0% used [0x00000000eb100000,0x00000000eb100000,0x00000000eb800000)
  to   space 7168K, 0% used [0x00000000eb800000,0x00000000eb800000,0x00000000ebf00000)
 ParOldGen       total 96256K, used 65994K [0x00000000c0000000, 0x00000000c5e00000, 0x00000000eab00000)
  object space 96256K, 68% used [0x00000000c0000000,0x00000000c40729f8,0x00000000c5e00000)
 Metaspace       used 64619K, committed 65920K, reserved 1114112K
  class space    used 6708K, committed 7296K, reserved 1048576K
}
Event: 659.452 GC heap before
{Heap before GC invocations=90 (full 5):
 PSYoungGen      total 13312K, used 6144K [0x00000000eab00000, 0x00000000ebf00000, 0x0000000100000000)
  eden space 6144K, 100% used [0x00000000eab00000,0x00000000eb100000,0x00000000eb100000)
  from space 7168K, 0% used [0x00000000eb100000,0x00000000eb100000,0x00000000eb800000)
  to   space 7168K, 0% used [0x00000000eb800000,0x00000000eb800000,0x00000000ebf00000)
 ParOldGen       total 96256K, used 65994K [0x00000000c0000000, 0x00000000c5e00000, 0x00000000eab00000)
  object space 96256K, 68% used [0x00000000c0000000,0x00000000c40729f8,0x00000000c5e00000)
 Metaspace       used 64664K, committed 65984K, reserved 1114112K
  class space    used 6708K, committed 7296K, reserved 1048576K
}
Event: 659.454 GC heap after
{Heap after GC invocations=90 (full 5):
 PSYoungGen      total 7168K, used 628K [0x00000000eab00000, 0x00000000eb900000, 0x0000000100000000)
  eden space 6144K, 0% used [0x00000000eab00000,0x00000000eab00000,0x00000000eb100000)
  from space 1024K, 61% used [0x00000000eb800000,0x00000000eb89d200,0x00000000eb900000)
  to   space 3072K, 0% used [0x00000000eb300000,0x00000000eb300000,0x00000000eb600000)
 ParOldGen       total 96256K, used 66002K [0x00000000c0000000, 0x00000000c5e00000, 0x00000000eab00000)
  object space 96256K, 68% used [0x00000000c0000000,0x00000000c40749f8,0x00000000c5e00000)
 Metaspace       used 64664K, committed 65984K, reserved 1114112K
  class space    used 6708K, committed 7296K, reserved 1048576K
}

