# JRE version: OpenJDK Runtime Environment Temurin-17.0.4.1+1 (17.0.4.1+1) (build 17.0.4.1+1)
# Java VM: OpenJDK 64-Bit Server VM Temurin-17.0.4.1+1 (17.0.4.1+1, mixed mode, emulated-client, tiered, compressed oops, compressed class ptrs, g1 gc, windows-amd64)
GC Precious Log:
 CPUs: 4 total, 4 available
 Memory: 3005M
 Large Page Support: Disabled
 NUMA Support: Disabled
 Compressed Oops: Enabled (32-bit)
 Heap Region Size: 1M
 Heap Min Capacity: 8M
 Heap Initial Capacity: 48M
 Heap Max Capacity: 752M
 Pre-touch: Disabled
 Parallel Workers: 4
 Concurrent Workers: 1
 Concurrent Refinement Workers: 4
 Periodic GC: Disabled
Heap:
 garbage-first heap   total 91136K, used 65553K [0x00000000d1000000, 0x0000000100000000)
  region size 1024K, 2 young (2048K), 2 survivors (2048K)
 Metaspace       used 39332K, committed 39744K, reserved 1089536K
  class space    used 5003K, committed 5184K, reserved 1048576K
GC Heap History (20 events):
Event: 14.698 GC heap after
{Heap after GC invocations=16 (full 0):
 garbage-first heap   total 48128K, used 27199K [0x00000000d1000000, 0x0000000100000000)
  region size 1024K, 2 young (2048K), 2 survivors (2048K)
 Metaspace       used 34538K, committed 34880K, reserved 1081344K
  class space    used 4421K, committed 4608K, reserved 1048576K
}
Event: 14.753 GC heap before
{Heap before GC invocations=16 (full 0):
 garbage-first heap   total 48128K, used 36415K [0x00000000d1000000, 0x0000000100000000)
  region size 1024K, 11 young (11264K), 2 survivors (2048K)
 Metaspace       used 34709K, committed 35072K, reserved 1081344K
  class space    used 4444K, committed 4608K, reserved 1048576K
}
Event: 14.757 GC heap after
{Heap after GC invocations=17 (full 0):
 garbage-first heap   total 61440K, used 28934K [0x00000000d1000000, 0x0000000100000000)
  region size 1024K, 2 young (2048K), 2 survivors (2048K)
 Metaspace       used 34709K, committed 35072K, reserved 1081344K
  class space    used 4444K, committed 4608K, reserved 1048576K
}
Event: 14.931 GC heap before
{Heap before GC invocations=18 (full 0):
 garbage-first heap   total 61440K, used 45318K [0x00000000d1000000, 0x0000000100000000)
  region size 1024K, 18 young (18432K), 2 survivors (2048K)
 Metaspace       used 34931K, committed 35264K, reserved 1081344K
  class space    used 4479K, committed 4608K, reserved 1048576K
}
Event: 14.938 GC heap after
{Heap after GC invocations=19 (full 0):
 garbage-first heap   total 61440K, used 31496K [0x00000000d1000000, 0x0000000100000000)
  region size 1024K, 3 young (3072K), 3 survivors (3072K)
 Metaspace       used 34931K, committed 35264K, reserved 1081344K
  class space    used 4479K, committed 4608K, reserved 1048576K
}
Event: 15.119 GC heap before
{Heap before GC invocations=19 (full 0):
 garbage-first heap   total 61440K, used 45832K [0x00000000d1000000, 0x0000000100000000)
  region size 1024K, 18 young (18432K), 3 survivors (3072K)
 Metaspace       used 35138K, committed 35520K, reserved 1081344K
  class space    used 4512K, committed 4672K, reserved 1048576K
}
Event: 15.128 GC heap after
{Heap after GC invocations=20 (full 0):
 garbage-first heap   total 61440K, used 34499K [0x00000000d1000000, 0x0000000100000000)
  region size 1024K, 3 young (3072K), 3 survivors (3072K)
 Metaspace       used 35138K, committed 35520K, reserved 1081344K
  class space    used 4512K, committed 4672K, reserved 1048576K
}
Event: 15.503 GC heap before
{Heap before GC invocations=21 (full 0):
 garbage-first heap   total 76800K, used 46787K [0x00000000d1000000, 0x0000000100000000)
  region size 1024K, 15 young (15360K), 3 survivors (3072K)
 Metaspace       used 35389K, committed 35712K, reserved 1081344K
  class space    used 4566K, committed 4736K, reserved 1048576K
}
Event: 15.510 GC heap after
{Heap after GC invocations=22 (full 0):
 garbage-first heap   total 76800K, used 36571K [0x00000000d1000000, 0x0000000100000000)
  region size 1024K, 2 young (2048K), 2 survivors (2048K)
 Metaspace       used 35389K, committed 35712K, reserved 1081344K
  class space    used 4566K, committed 4736K, reserved 1048576K
}
Event: 15.598 GC heap before
{Heap before GC invocations=22 (full 0):
 garbage-first heap   total 76800K, used 57051K [0x00000000d1000000, 0x0000000100000000)
  region size 1024K, 23 young (23552K), 2 survivors (2048K)
 Metaspace       used 35608K, committed 35968K, reserved 1081344K
  class space    used 4613K, committed 4800K, reserved 1048576K
}
Event: 15.607 GC heap after
{Heap after GC invocations=23 (full 0):
 garbage-first heap   total 76800K, used 40942K [0x00000000d1000000, 0x0000000100000000)
  region size 1024K, 3 young (3072K), 3 survivors (3072K)
 Metaspace       used 35608K, committed 35968K, reserved 1081344K
  class space    used 4613K, committed 4800K, reserved 1048576K
}
Event: 15.884 GC heap before
{Heap before GC invocations=24 (full 0):
 garbage-first heap   total 91136K, used 57326K [0x00000000d1000000, 0x0000000100000000)
  region size 1024K, 20 young (20480K), 3 survivors (3072K)
 Metaspace       used 36498K, committed 36800K, reserved 1081344K
  class space    used 4737K, committed 4864K, reserved 1048576K
}
Event: 15.896 GC heap after
{Heap after GC invocations=25 (full 0):
 garbage-first heap   total 91136K, used 47228K [0x00000000d1000000, 0x0000000100000000)
  region size 1024K, 3 young (3072K), 3 survivors (3072K)
 Metaspace       used 36498K, committed 36800K, reserved 1081344K
  class space    used 4737K, committed 4864K, reserved 1048576K
}
Event: 16.972 GC heap before
{Heap before GC invocations=25 (full 0):
 garbage-first heap   total 91136K, used 65660K [0x00000000d1000000, 0x0000000100000000)
  region size 1024K, 22 young (22528K), 3 survivors (3072K)
 Metaspace       used 38462K, committed 38720K, reserved 1089536K
  class space    used 4880K, committed 4992K, reserved 1048576K
}
Event: 16.980 GC heap after
{Heap after GC invocations=26 (full 0):
 garbage-first heap   total 91136K, used 50057K [0x00000000d1000000, 0x0000000100000000)
  region size 1024K, 3 young (3072K), 3 survivors (3072K)
 Metaspace       used 38462K, committed 38720K, reserved 1089536K
  class space    used 4880K, committed 4992K, reserved 1048576K
}
Event: 17.970 GC heap before
{Heap before GC invocations=27 (full 0):
 garbage-first heap   total 91136K, used 70537K [0x00000000d1000000, 0x0000000100000000)
  region size 1024K, 22 young (22528K), 3 survivors (3072K)
 Metaspace       used 39301K, committed 39744K, reserved 1089536K
  class space    used 4993K, committed 5184K, reserved 1048576K
}
Event: 17.979 GC heap after
{Heap after GC invocations=28 (full 0):
 garbage-first heap   total 91136K, used 57546K [0x00000000d1000000, 0x0000000100000000)
  region size 1024K, 3 young (3072K), 3 survivors (3072K)
 Metaspace       used 39301K, committed 39744K, reserved 1089536K
  class space    used 4993K, committed 5184K, reserved 1048576K
}
Event: 17.983 GC heap before
{Heap before GC invocations=28 (full 0):
 garbage-first heap   total 91136K, used 58570K [0x00000000d1000000, 0x0000000100000000)
  region size 1024K, 4 young (4096K), 3 survivors (3072K)
 Metaspace       used 39301K, committed 39744K, reserved 1089536K
  class space    used 4993K, committed 5184K, reserved 1048576K
}
Event: 17.988 GC heap after
{Heap after GC invocations=29 (full 0):
 garbage-first heap   total 91136K, used 58623K [0x00000000d1000000, 0x0000000100000000)
  region size 1024K, 1 young (1024K), 1 survivors (1024K)
 Metaspace       used 39301K, committed 39744K, reserved 1089536K
  class space    used 4993K, committed 5184K, reserved 1048576K
}
Event: 18.176 GC heap before
{Heap before GC invocations=29 (full 0):
 garbage-first heap   total 91136K, used 69887K [0x00000000d1000000, 0x0000000100000000)
  region size 1024K, 13 young (13312K), 1 survivors (1024K)
 Metaspace       used 39332K, committed 39744K, reserved 1089536K
  class space    used 5003K, committed 5184K, reserved 1048576K
}

