# JRE version: OpenJDK Runtime Environment Temurin-17.0.4.1+1 (17.0.4.1+1) (build 17.0.4.1+1)
# Java VM: OpenJDK 64-Bit Server VM Temurin-17.0.4.1+1 (17.0.4.1+1, mixed mode, emulated-client, tiered, compressed oops, compressed class ptrs, g1 gc, windows-amd64)
GC Precious Log:
 CPUs: 4 total, 4 available
 Memory: 3005M
 Large Page Support: Disabled
 NUMA Support: Disabled
 Compressed Oops: Enabled (32-bit)
 Heap Region Size: 1M
 Heap Min Capacity: 8M
 Heap Initial Capacity: 48M
 Heap Max Capacity: 752M
 Pre-touch: Disabled
 Parallel Workers: 4
 Concurrent Workers: 1
 Concurrent Refinement Workers: 4
 Periodic GC: Disabled
Heap:
 garbage-first heap   total 114688K, used 66719K [0x00000000d1000000, 0x0000000100000000)
  region size 1024K, 1 young (1024K), 1 survivors (1024K)
 Metaspace       used 36931K, committed 37248K, reserved 1081344K
  class space    used 4789K, committed 4928K, reserved 1048576K
GC Heap History (20 events):
Event: 8.934 GC heap after
{Heap after GC invocations=13 (full 0):
 garbage-first heap   total 54272K, used 26822K [0x00000000d1000000, 0x0000000100000000)
  region size 1024K, 3 young (3072K), 3 survivors (3072K)
 Metaspace       used 33879K, committed 34176K, reserved 1081344K
  class space    used 4316K, committed 4480K, reserved 1048576K
}
Event: 9.054 GC heap before
{Heap before GC invocations=13 (full 0):
 garbage-first heap   total 54272K, used 39110K [0x00000000d1000000, 0x0000000100000000)
  region size 1024K, 16 young (16384K), 3 survivors (3072K)
 Metaspace       used 34225K, committed 34624K, reserved 1081344K
  class space    used 4365K, committed 4544K, reserved 1048576K
}
Event: 9.060 GC heap after
{Heap after GC invocations=14 (full 0):
 garbage-first heap   total 54272K, used 28994K [0x00000000d1000000, 0x0000000100000000)
  region size 1024K, 2 young (2048K), 2 survivors (2048K)
 Metaspace       used 34225K, committed 34624K, reserved 1081344K
  class space    used 4365K, committed 4544K, reserved 1048576K
}
Event: 9.118 GC heap before
{Heap before GC invocations=14 (full 0):
 garbage-first heap   total 66560K, used 40258K [0x00000000d1000000, 0x0000000100000000)
  region size 1024K, 13 young (13312K), 2 survivors (2048K)
 Metaspace       used 34337K, committed 34688K, reserved 1081344K
  class space    used 4385K, committed 4544K, reserved 1048576K
}
Event: 9.123 GC heap after
{Heap after GC invocations=15 (full 0):
 garbage-first heap   total 66560K, used 31192K [0x00000000d1000000, 0x0000000100000000)
  region size 1024K, 2 young (2048K), 2 survivors (2048K)
 Metaspace       used 34337K, committed 34688K, reserved 1081344K
  class space    used 4385K, committed 4544K, reserved 1048576K
}
Event: 9.216 GC heap before
{Heap before GC invocations=16 (full 0):
 garbage-first heap   total 66560K, used 49624K [0x00000000d1000000, 0x0000000100000000)
  region size 1024K, 20 young (20480K), 2 survivors (2048K)
 Metaspace       used 34485K, committed 34816K, reserved 1081344K
  class space    used 4409K, committed 4544K, reserved 1048576K
}
Event: 9.223 GC heap after
{Heap after GC invocations=17 (full 0):
 garbage-first heap   total 66560K, used 34200K [0x00000000d1000000, 0x0000000100000000)
  region size 1024K, 3 young (3072K), 3 survivors (3072K)
 Metaspace       used 34485K, committed 34816K, reserved 1081344K
  class space    used 4409K, committed 4544K, reserved 1048576K
}
Event: 9.227 GC heap before
{Heap before GC invocations=17 (full 0):
 garbage-first heap   total 66560K, used 35224K [0x00000000d1000000, 0x0000000100000000)
  region size 1024K, 4 young (4096K), 3 survivors (3072K)
 Metaspace       used 34496K, committed 34816K, reserved 1081344K
  class space    used 4411K, committed 4544K, reserved 1048576K
}
Event: 9.231 GC heap after
{Heap after GC invocations=18 (full 0):
 garbage-first heap   total 92160K, used 34415K [0x00000000d1000000, 0x0000000100000000)
  region size 1024K, 1 young (1024K), 1 survivors (1024K)
 Metaspace       used 34496K, committed 34816K, reserved 1081344K
  class space    used 4411K, committed 4544K, reserved 1048576K
}
Event: 9.392 GC heap before
{Heap before GC invocations=18 (full 0):
 garbage-first heap   total 92160K, used 66159K [0x00000000d1000000, 0x0000000100000000)
  region size 1024K, 32 young (32768K), 1 survivors (1024K)
 Metaspace       used 34753K, committed 35136K, reserved 1081344K
  class space    used 4452K, committed 4608K, reserved 1048576K
}
Event: 9.402 GC heap after
{Heap after GC invocations=19 (full 0):
 garbage-first heap   total 92160K, used 40921K [0x00000000d1000000, 0x0000000100000000)
  region size 1024K, 4 young (4096K), 4 survivors (4096K)
 Metaspace       used 34753K, committed 35136K, reserved 1081344K
  class space    used 4452K, committed 4608K, reserved 1048576K
}
Event: 10.315 GC heap before
{Heap before GC invocations=19 (full 0):
 garbage-first heap   total 92160K, used 66521K [0x00000000d1000000, 0x0000000100000000)
  region size 1024K, 29 young (29696K), 4 survivors (4096K)
 Metaspace       used 36170K, committed 36480K, reserved 1081344K
  class space    used 4723K, committed 4864K, reserved 1048576K
}
Event: 10.332 GC heap after
{Heap after GC invocations=20 (full 0):
 garbage-first heap   total 92160K, used 47567K [0x00000000d1000000, 0x0000000100000000)
  region size 1024K, 4 young (4096K), 4 survivors (4096K)
 Metaspace       used 36170K, committed 36480K, reserved 1081344K
  class space    used 4723K, committed 4864K, reserved 1048576K
}
Event: 10.415 GC heap before
{Heap before GC invocations=20 (full 0):
 garbage-first heap   total 92160K, used 51663K [0x00000000d1000000, 0x0000000100000000)
  region size 1024K, 10 young (10240K), 4 survivors (4096K)
 Metaspace       used 36187K, committed 36480K, reserved 1081344K
  class space    used 4727K, committed 4864K, reserved 1048576K
}
Event: 10.424 GC heap after
{Heap after GC invocations=21 (full 0):
 garbage-first heap   total 92160K, used 50286K [0x00000000d1000000, 0x0000000100000000)
  region size 1024K, 3 young (3072K), 3 survivors (3072K)
 Metaspace       used 36187K, committed 36480K, reserved 1081344K
  class space    used 4727K, committed 4864K, reserved 1048576K
}
Event: 10.563 GC heap before
{Heap before GC invocations=21 (full 0):
 garbage-first heap   total 114688K, used 69742K [0x00000000d1000000, 0x0000000100000000)
  region size 1024K, 21 young (21504K), 3 survivors (3072K)
 Metaspace       used 36588K, committed 36928K, reserved 1081344K
  class space    used 4769K, committed 4928K, reserved 1048576K
}
Event: 10.582 GC heap after
{Heap after GC invocations=22 (full 0):
 garbage-first heap   total 114688K, used 60723K [0x00000000d1000000, 0x0000000100000000)
  region size 1024K, 3 young (3072K), 3 survivors (3072K)
 Metaspace       used 36588K, committed 36928K, reserved 1081344K
  class space    used 4769K, committed 4928K, reserved 1048576K
}
Event: 10.690 GC heap before
{Heap before GC invocations=23 (full 0):
 garbage-first heap   total 114688K, used 81203K [0x00000000d1000000, 0x0000000100000000)
  region size 1024K, 24 young (24576K), 3 survivors (3072K)
 Metaspace       used 36931K, committed 37248K, reserved 1081344K
  class space    used 4789K, committed 4928K, reserved 1048576K
}
Event: 10.712 GC heap after
{Heap after GC invocations=24 (full 0):
 garbage-first heap   total 114688K, used 65802K [0x00000000d1000000, 0x0000000100000000)
  region size 1024K, 3 young (3072K), 3 survivors (3072K)
 Metaspace       used 36931K, committed 37248K, reserved 1081344K
  class space    used 4789K, committed 4928K, reserved 1048576K
}
Event: 10.719 GC heap before
{Heap before GC invocations=24 (full 0):
 garbage-first heap   total 114688K, used 66826K [0x00000000d1000000, 0x0000000100000000)
  region size 1024K, 5 young (5120K), 3 survivors (3072K)
 Metaspace       used 36931K, committed 37248K, reserved 1081344K
  class space    used 4789K, committed 4928K, reserved 1048576K
}

